<?xml version="1.0" encoding="UTF-8"?>
<coverage generated="1719005665">
  <project timestamp="1719005665">
    <file name="/Users/op/Playground/html/functions/bootstrap.php">
      <line num="32" type="stmt" count="440"/>
      <line num="33" type="stmt" count="440"/>
      <line num="34" type="stmt" count="254"/>
      <line num="35" type="stmt" count="254"/>
      <line num="36" type="stmt" count="254"/>
      <line num="37" type="stmt" count="254"/>
      <line num="38" type="stmt" count="254"/>
      <line num="39" type="stmt" count="254"/>
      <line num="40" type="stmt" count="254"/>
      <line num="41" type="stmt" count="254"/>
      <line num="42" type="stmt" count="254"/>
      <line num="45" type="stmt" count="440"/>
      <line num="58" type="stmt" count="287"/>
      <line num="59" type="stmt" count="287"/>
      <line num="60" type="stmt" count="287"/>
      <line num="61" type="stmt" count="287"/>
      <line num="62" type="stmt" count="287"/>
      <line num="63" type="stmt" count="287"/>
      <line num="65" type="stmt" count="1"/>
      <line num="68" type="stmt" count="287"/>
      <line num="69" type="stmt" count="287"/>
      <line num="82" type="stmt" count="43"/>
      <line num="84" type="stmt" count="43"/>
      <metrics loc="86" ncloc="44" classes="0" methods="0" coveredmethods="0" conditionals="0" coveredconditionals="0" statements="23" coveredstatements="23" elements="23" coveredelements="23"/>
    </file>
    <file name="/Users/op/Playground/html/functions/elements.php">
      <line num="26" type="stmt" count="2"/>
      <line num="33" type="stmt" count="2"/>
      <line num="40" type="stmt" count="2"/>
      <line num="46" type="stmt" count="2"/>
      <line num="53" type="stmt" count="2"/>
      <line num="60" type="stmt" count="2"/>
      <line num="67" type="stmt" count="2"/>
      <line num="74" type="stmt" count="2"/>
      <line num="80" type="stmt" count="2"/>
      <line num="87" type="stmt" count="2"/>
      <line num="94" type="stmt" count="2"/>
      <line num="101" type="stmt" count="2"/>
      <line num="108" type="stmt" count="2"/>
      <line num="114" type="stmt" count="2"/>
      <line num="121" type="stmt" count="2"/>
      <line num="128" type="stmt" count="2"/>
      <line num="135" type="stmt" count="2"/>
      <line num="142" type="stmt" count="2"/>
      <line num="149" type="stmt" count="2"/>
      <line num="155" type="stmt" count="2"/>
      <line num="162" type="stmt" count="2"/>
      <line num="169" type="stmt" count="2"/>
      <line num="176" type="stmt" count="2"/>
      <line num="183" type="stmt" count="2"/>
      <line num="190" type="stmt" count="2"/>
      <line num="197" type="stmt" count="2"/>
      <line num="204" type="stmt" count="2"/>
      <line num="211" type="stmt" count="2"/>
      <line num="218" type="stmt" count="2"/>
      <line num="225" type="stmt" count="2"/>
      <line num="232" type="stmt" count="2"/>
      <line num="239" type="stmt" count="2"/>
      <line num="245" type="stmt" count="2"/>
      <line num="252" type="stmt" count="2"/>
      <line num="259" type="stmt" count="2"/>
      <line num="266" type="stmt" count="2"/>
      <line num="273" type="stmt" count="2"/>
      <line num="280" type="stmt" count="2"/>
      <line num="287" type="stmt" count="2"/>
      <line num="294" type="stmt" count="2"/>
      <line num="301" type="stmt" count="2"/>
      <line num="308" type="stmt" count="2"/>
      <line num="314" type="stmt" count="2"/>
      <line num="321" type="stmt" count="2"/>
      <line num="328" type="stmt" count="2"/>
      <line num="334" type="stmt" count="2"/>
      <line num="340" type="stmt" count="2"/>
      <line num="346" type="stmt" count="2"/>
      <line num="353" type="stmt" count="2"/>
      <line num="360" type="stmt" count="2"/>
      <line num="367" type="stmt" count="2"/>
      <line num="374" type="stmt" count="2"/>
      <line num="381" type="stmt" count="2"/>
      <line num="387" type="stmt" count="2"/>
      <line num="394" type="stmt" count="2"/>
      <line num="401" type="stmt" count="2"/>
      <line num="408" type="stmt" count="2"/>
      <line num="415" type="stmt" count="2"/>
      <line num="422" type="stmt" count="2"/>
      <line num="428" type="stmt" count="2"/>
      <line num="435" type="stmt" count="2"/>
      <line num="442" type="stmt" count="2"/>
      <line num="449" type="stmt" count="2"/>
      <line num="456" type="stmt" count="2"/>
      <line num="463" type="stmt" count="2"/>
      <line num="470" type="stmt" count="2"/>
      <line num="477" type="stmt" count="2"/>
      <line num="484" type="stmt" count="2"/>
      <line num="491" type="stmt" count="2"/>
      <line num="498" type="stmt" count="2"/>
      <line num="505" type="stmt" count="2"/>
      <line num="512" type="stmt" count="2"/>
      <line num="519" type="stmt" count="2"/>
      <line num="526" type="stmt" count="2"/>
      <line num="533" type="stmt" count="2"/>
      <line num="540" type="stmt" count="2"/>
      <line num="547" type="stmt" count="2"/>
      <line num="554" type="stmt" count="2"/>
      <line num="561" type="stmt" count="2"/>
      <line num="568" type="stmt" count="2"/>
      <line num="575" type="stmt" count="2"/>
      <line num="582" type="stmt" count="2"/>
      <line num="589" type="stmt" count="2"/>
      <line num="596" type="stmt" count="2"/>
      <line num="602" type="stmt" count="2"/>
      <line num="609" type="stmt" count="2"/>
      <line num="616" type="stmt" count="2"/>
      <line num="623" type="stmt" count="2"/>
      <line num="630" type="stmt" count="2"/>
      <line num="637" type="stmt" count="2"/>
      <line num="644" type="stmt" count="2"/>
      <line num="651" type="stmt" count="2"/>
      <line num="658" type="stmt" count="2"/>
      <line num="665" type="stmt" count="2"/>
      <line num="672" type="stmt" count="2"/>
      <line num="679" type="stmt" count="2"/>
      <line num="686" type="stmt" count="2"/>
      <line num="693" type="stmt" count="2"/>
      <line num="700" type="stmt" count="2"/>
      <line num="707" type="stmt" count="2"/>
      <line num="714" type="stmt" count="2"/>
      <line num="721" type="stmt" count="2"/>
      <line num="728" type="stmt" count="2"/>
      <line num="734" type="stmt" count="2"/>
      <line num="741" type="stmt" count="2"/>
      <line num="748" type="stmt" count="2"/>
      <line num="755" type="stmt" count="2"/>
      <line num="762" type="stmt" count="2"/>
      <line num="768" type="stmt" count="2"/>
      <metrics loc="771" ncloc="753" classes="0" methods="0" coveredmethods="0" conditionals="0" coveredconditionals="0" statements="109" coveredstatements="109" elements="109" coveredelements="109"/>
    </file>
    <file name="/Users/op/Playground/html/functions/strict.php">
      <line num="56" type="stmt" count="1"/>
      <line num="57" type="stmt" count="1"/>
      <line num="58" type="stmt" count="1"/>
      <line num="59" type="stmt" count="1"/>
      <line num="60" type="stmt" count="1"/>
      <line num="61" type="stmt" count="1"/>
      <line num="62" type="stmt" count="1"/>
      <line num="63" type="stmt" count="1"/>
      <line num="64" type="stmt" count="1"/>
      <line num="65" type="stmt" count="1"/>
      <line num="66" type="stmt" count="1"/>
      <line num="67" type="stmt" count="1"/>
      <line num="68" type="stmt" count="1"/>
      <line num="69" type="stmt" count="1"/>
      <line num="70" type="stmt" count="1"/>
      <line num="71" type="stmt" count="1"/>
      <line num="72" type="stmt" count="1"/>
      <line num="73" type="stmt" count="1"/>
      <line num="74" type="stmt" count="1"/>
      <line num="75" type="stmt" count="1"/>
      <line num="76" type="stmt" count="1"/>
      <line num="77" type="stmt" count="1"/>
      <line num="78" type="stmt" count="1"/>
      <line num="79" type="stmt" count="1"/>
      <line num="80" type="stmt" count="1"/>
      <line num="81" type="stmt" count="1"/>
      <line num="82" type="stmt" count="1"/>
      <line num="83" type="stmt" count="1"/>
      <line num="84" type="stmt" count="1"/>
      <line num="112" type="stmt" count="1"/>
      <line num="113" type="stmt" count="1"/>
      <line num="114" type="stmt" count="1"/>
      <line num="115" type="stmt" count="1"/>
      <line num="116" type="stmt" count="1"/>
      <line num="117" type="stmt" count="1"/>
      <line num="118" type="stmt" count="1"/>
      <line num="119" type="stmt" count="1"/>
      <line num="120" type="stmt" count="1"/>
      <line num="121" type="stmt" count="1"/>
      <line num="122" type="stmt" count="1"/>
      <line num="123" type="stmt" count="1"/>
      <line num="124" type="stmt" count="1"/>
      <line num="125" type="stmt" count="1"/>
      <line num="126" type="stmt" count="1"/>
      <line num="127" type="stmt" count="1"/>
      <line num="128" type="stmt" count="1"/>
      <line num="129" type="stmt" count="1"/>
      <line num="130" type="stmt" count="1"/>
      <line num="131" type="stmt" count="1"/>
      <line num="132" type="stmt" count="1"/>
      <line num="160" type="stmt" count="1"/>
      <line num="161" type="stmt" count="1"/>
      <line num="162" type="stmt" count="1"/>
      <line num="163" type="stmt" count="1"/>
      <line num="164" type="stmt" count="1"/>
      <line num="165" type="stmt" count="1"/>
      <line num="166" type="stmt" count="1"/>
      <line num="167" type="stmt" count="1"/>
      <line num="168" type="stmt" count="1"/>
      <line num="169" type="stmt" count="1"/>
      <line num="170" type="stmt" count="1"/>
      <line num="171" type="stmt" count="1"/>
      <line num="172" type="stmt" count="1"/>
      <line num="173" type="stmt" count="1"/>
      <line num="174" type="stmt" count="1"/>
      <line num="175" type="stmt" count="1"/>
      <line num="176" type="stmt" count="1"/>
      <line num="177" type="stmt" count="1"/>
      <line num="178" type="stmt" count="1"/>
      <line num="179" type="stmt" count="1"/>
      <line num="180" type="stmt" count="1"/>
      <line num="216" type="stmt" count="1"/>
      <line num="217" type="stmt" count="1"/>
      <line num="218" type="stmt" count="1"/>
      <line num="219" type="stmt" count="1"/>
      <line num="220" type="stmt" count="1"/>
      <line num="221" type="stmt" count="1"/>
      <line num="222" type="stmt" count="1"/>
      <line num="223" type="stmt" count="1"/>
      <line num="224" type="stmt" count="1"/>
      <line num="225" type="stmt" count="1"/>
      <line num="226" type="stmt" count="1"/>
      <line num="227" type="stmt" count="1"/>
      <line num="228" type="stmt" count="1"/>
      <line num="229" type="stmt" count="1"/>
      <line num="230" type="stmt" count="1"/>
      <line num="231" type="stmt" count="1"/>
      <line num="232" type="stmt" count="1"/>
      <line num="233" type="stmt" count="1"/>
      <line num="234" type="stmt" count="1"/>
      <line num="235" type="stmt" count="1"/>
      <line num="236" type="stmt" count="1"/>
      <line num="237" type="stmt" count="1"/>
      <line num="238" type="stmt" count="1"/>
      <line num="239" type="stmt" count="1"/>
      <line num="240" type="stmt" count="1"/>
      <line num="241" type="stmt" count="1"/>
      <line num="242" type="stmt" count="1"/>
      <line num="243" type="stmt" count="1"/>
      <line num="244" type="stmt" count="1"/>
      <line num="245" type="stmt" count="1"/>
      <line num="273" type="stmt" count="1"/>
      <line num="274" type="stmt" count="1"/>
      <line num="275" type="stmt" count="1"/>
      <line num="276" type="stmt" count="1"/>
      <line num="277" type="stmt" count="1"/>
      <line num="278" type="stmt" count="1"/>
      <line num="279" type="stmt" count="1"/>
      <line num="280" type="stmt" count="1"/>
      <line num="281" type="stmt" count="1"/>
      <line num="282" type="stmt" count="1"/>
      <line num="283" type="stmt" count="1"/>
      <line num="284" type="stmt" count="1"/>
      <line num="285" type="stmt" count="1"/>
      <line num="286" type="stmt" count="1"/>
      <line num="287" type="stmt" count="1"/>
      <line num="288" type="stmt" count="1"/>
      <line num="289" type="stmt" count="1"/>
      <line num="290" type="stmt" count="1"/>
      <line num="291" type="stmt" count="1"/>
      <line num="292" type="stmt" count="1"/>
      <line num="293" type="stmt" count="1"/>
      <line num="321" type="stmt" count="1"/>
      <line num="322" type="stmt" count="1"/>
      <line num="323" type="stmt" count="1"/>
      <line num="324" type="stmt" count="1"/>
      <line num="325" type="stmt" count="1"/>
      <line num="326" type="stmt" count="1"/>
      <line num="327" type="stmt" count="1"/>
      <line num="328" type="stmt" count="1"/>
      <line num="329" type="stmt" count="1"/>
      <line num="330" type="stmt" count="1"/>
      <line num="331" type="stmt" count="1"/>
      <line num="332" type="stmt" count="1"/>
      <line num="333" type="stmt" count="1"/>
      <line num="334" type="stmt" count="1"/>
      <line num="335" type="stmt" count="1"/>
      <line num="336" type="stmt" count="1"/>
      <line num="337" type="stmt" count="1"/>
      <line num="338" type="stmt" count="1"/>
      <line num="339" type="stmt" count="1"/>
      <line num="340" type="stmt" count="1"/>
      <line num="341" type="stmt" count="1"/>
      <line num="376" type="stmt" count="1"/>
      <line num="377" type="stmt" count="1"/>
      <line num="378" type="stmt" count="1"/>
      <line num="379" type="stmt" count="1"/>
      <line num="380" type="stmt" count="1"/>
      <line num="381" type="stmt" count="1"/>
      <line num="382" type="stmt" count="1"/>
      <line num="383" type="stmt" count="1"/>
      <line num="384" type="stmt" count="1"/>
      <line num="385" type="stmt" count="1"/>
      <line num="386" type="stmt" count="1"/>
      <line num="387" type="stmt" count="1"/>
      <line num="388" type="stmt" count="1"/>
      <line num="389" type="stmt" count="1"/>
      <line num="390" type="stmt" count="1"/>
      <line num="391" type="stmt" count="1"/>
      <line num="392" type="stmt" count="1"/>
      <line num="393" type="stmt" count="1"/>
      <line num="394" type="stmt" count="1"/>
      <line num="395" type="stmt" count="1"/>
      <line num="396" type="stmt" count="1"/>
      <line num="397" type="stmt" count="1"/>
      <line num="398" type="stmt" count="1"/>
      <line num="399" type="stmt" count="1"/>
      <line num="400" type="stmt" count="1"/>
      <line num="401" type="stmt" count="1"/>
      <line num="402" type="stmt" count="1"/>
      <line num="403" type="stmt" count="1"/>
      <line num="431" type="stmt" count="1"/>
      <line num="432" type="stmt" count="1"/>
      <line num="433" type="stmt" count="1"/>
      <line num="434" type="stmt" count="1"/>
      <line num="435" type="stmt" count="1"/>
      <line num="436" type="stmt" count="1"/>
      <line num="437" type="stmt" count="1"/>
      <line num="438" type="stmt" count="1"/>
      <line num="439" type="stmt" count="1"/>
      <line num="440" type="stmt" count="1"/>
      <line num="441" type="stmt" count="1"/>
      <line num="442" type="stmt" count="1"/>
      <line num="443" type="stmt" count="1"/>
      <line num="444" type="stmt" count="1"/>
      <line num="445" type="stmt" count="1"/>
      <line num="446" type="stmt" count="1"/>
      <line num="447" type="stmt" count="1"/>
      <line num="448" type="stmt" count="1"/>
      <line num="449" type="stmt" count="1"/>
      <line num="450" type="stmt" count="1"/>
      <line num="451" type="stmt" count="1"/>
      <line num="480" type="stmt" count="1"/>
      <line num="481" type="stmt" count="1"/>
      <line num="482" type="stmt" count="1"/>
      <line num="483" type="stmt" count="1"/>
      <line num="484" type="stmt" count="1"/>
      <line num="485" type="stmt" count="1"/>
      <line num="486" type="stmt" count="1"/>
      <line num="487" type="stmt" count="1"/>
      <line num="488" type="stmt" count="1"/>
      <line num="489" type="stmt" count="1"/>
      <line num="490" type="stmt" count="1"/>
      <line num="491" type="stmt" count="1"/>
      <line num="492" type="stmt" count="1"/>
      <line num="493" type="stmt" count="1"/>
      <line num="494" type="stmt" count="1"/>
      <line num="495" type="stmt" count="1"/>
      <line num="496" type="stmt" count="1"/>
      <line num="497" type="stmt" count="1"/>
      <line num="498" type="stmt" count="1"/>
      <line num="499" type="stmt" count="1"/>
      <line num="500" type="stmt" count="1"/>
      <line num="501" type="stmt" count="1"/>
      <line num="502" type="stmt" count="1"/>
      <line num="530" type="stmt" count="1"/>
      <line num="531" type="stmt" count="1"/>
      <line num="532" type="stmt" count="1"/>
      <line num="533" type="stmt" count="1"/>
      <line num="534" type="stmt" count="1"/>
      <line num="535" type="stmt" count="1"/>
      <line num="536" type="stmt" count="1"/>
      <line num="537" type="stmt" count="1"/>
      <line num="538" type="stmt" count="1"/>
      <line num="539" type="stmt" count="1"/>
      <line num="540" type="stmt" count="1"/>
      <line num="541" type="stmt" count="1"/>
      <line num="542" type="stmt" count="1"/>
      <line num="543" type="stmt" count="1"/>
      <line num="544" type="stmt" count="1"/>
      <line num="545" type="stmt" count="1"/>
      <line num="546" type="stmt" count="1"/>
      <line num="547" type="stmt" count="1"/>
      <line num="548" type="stmt" count="1"/>
      <line num="549" type="stmt" count="1"/>
      <line num="550" type="stmt" count="1"/>
      <line num="578" type="stmt" count="1"/>
      <line num="579" type="stmt" count="1"/>
      <line num="580" type="stmt" count="1"/>
      <line num="581" type="stmt" count="1"/>
      <line num="582" type="stmt" count="1"/>
      <line num="583" type="stmt" count="1"/>
      <line num="584" type="stmt" count="1"/>
      <line num="585" type="stmt" count="1"/>
      <line num="586" type="stmt" count="1"/>
      <line num="587" type="stmt" count="1"/>
      <line num="588" type="stmt" count="1"/>
      <line num="589" type="stmt" count="1"/>
      <line num="590" type="stmt" count="1"/>
      <line num="591" type="stmt" count="1"/>
      <line num="592" type="stmt" count="1"/>
      <line num="593" type="stmt" count="1"/>
      <line num="594" type="stmt" count="1"/>
      <line num="595" type="stmt" count="1"/>
      <line num="596" type="stmt" count="1"/>
      <line num="597" type="stmt" count="1"/>
      <line num="598" type="stmt" count="1"/>
      <line num="627" type="stmt" count="1"/>
      <line num="628" type="stmt" count="1"/>
      <line num="629" type="stmt" count="1"/>
      <line num="630" type="stmt" count="1"/>
      <line num="631" type="stmt" count="1"/>
      <line num="632" type="stmt" count="1"/>
      <line num="633" type="stmt" count="1"/>
      <line num="634" type="stmt" count="1"/>
      <line num="635" type="stmt" count="1"/>
      <line num="636" type="stmt" count="1"/>
      <line num="637" type="stmt" count="1"/>
      <line num="638" type="stmt" count="1"/>
      <line num="639" type="stmt" count="1"/>
      <line num="640" type="stmt" count="1"/>
      <line num="641" type="stmt" count="1"/>
      <line num="642" type="stmt" count="1"/>
      <line num="643" type="stmt" count="1"/>
      <line num="644" type="stmt" count="1"/>
      <line num="645" type="stmt" count="1"/>
      <line num="646" type="stmt" count="1"/>
      <line num="647" type="stmt" count="1"/>
      <line num="648" type="stmt" count="1"/>
      <line num="694" type="stmt" count="1"/>
      <line num="695" type="stmt" count="1"/>
      <line num="696" type="stmt" count="1"/>
      <line num="697" type="stmt" count="1"/>
      <line num="698" type="stmt" count="1"/>
      <line num="699" type="stmt" count="1"/>
      <line num="700" type="stmt" count="1"/>
      <line num="701" type="stmt" count="1"/>
      <line num="702" type="stmt" count="1"/>
      <line num="703" type="stmt" count="1"/>
      <line num="704" type="stmt" count="1"/>
      <line num="705" type="stmt" count="1"/>
      <line num="706" type="stmt" count="1"/>
      <line num="707" type="stmt" count="1"/>
      <line num="708" type="stmt" count="1"/>
      <line num="709" type="stmt" count="1"/>
      <line num="710" type="stmt" count="1"/>
      <line num="711" type="stmt" count="1"/>
      <line num="712" type="stmt" count="1"/>
      <line num="713" type="stmt" count="1"/>
      <line num="714" type="stmt" count="1"/>
      <line num="715" type="stmt" count="1"/>
      <line num="716" type="stmt" count="1"/>
      <line num="717" type="stmt" count="1"/>
      <line num="718" type="stmt" count="1"/>
      <line num="719" type="stmt" count="1"/>
      <line num="720" type="stmt" count="1"/>
      <line num="721" type="stmt" count="1"/>
      <line num="722" type="stmt" count="1"/>
      <line num="723" type="stmt" count="1"/>
      <line num="724" type="stmt" count="1"/>
      <line num="725" type="stmt" count="1"/>
      <line num="726" type="stmt" count="1"/>
      <line num="727" type="stmt" count="1"/>
      <line num="728" type="stmt" count="1"/>
      <line num="729" type="stmt" count="1"/>
      <line num="730" type="stmt" count="1"/>
      <line num="731" type="stmt" count="1"/>
      <line num="732" type="stmt" count="1"/>
      <line num="759" type="stmt" count="1"/>
      <line num="760" type="stmt" count="1"/>
      <line num="761" type="stmt" count="1"/>
      <line num="762" type="stmt" count="1"/>
      <line num="763" type="stmt" count="1"/>
      <line num="764" type="stmt" count="1"/>
      <line num="765" type="stmt" count="1"/>
      <line num="766" type="stmt" count="1"/>
      <line num="767" type="stmt" count="1"/>
      <line num="768" type="stmt" count="1"/>
      <line num="769" type="stmt" count="1"/>
      <line num="770" type="stmt" count="1"/>
      <line num="771" type="stmt" count="1"/>
      <line num="772" type="stmt" count="1"/>
      <line num="773" type="stmt" count="1"/>
      <line num="774" type="stmt" count="1"/>
      <line num="775" type="stmt" count="1"/>
      <line num="776" type="stmt" count="1"/>
      <line num="777" type="stmt" count="1"/>
      <line num="778" type="stmt" count="1"/>
      <line num="779" type="stmt" count="1"/>
      <line num="819" type="stmt" count="1"/>
      <line num="820" type="stmt" count="1"/>
      <line num="821" type="stmt" count="1"/>
      <line num="822" type="stmt" count="1"/>
      <line num="823" type="stmt" count="1"/>
      <line num="824" type="stmt" count="1"/>
      <line num="825" type="stmt" count="1"/>
      <line num="826" type="stmt" count="1"/>
      <line num="827" type="stmt" count="1"/>
      <line num="828" type="stmt" count="1"/>
      <line num="829" type="stmt" count="1"/>
      <line num="830" type="stmt" count="1"/>
      <line num="831" type="stmt" count="1"/>
      <line num="832" type="stmt" count="1"/>
      <line num="833" type="stmt" count="1"/>
      <line num="834" type="stmt" count="1"/>
      <line num="835" type="stmt" count="1"/>
      <line num="836" type="stmt" count="1"/>
      <line num="837" type="stmt" count="1"/>
      <line num="838" type="stmt" count="1"/>
      <line num="839" type="stmt" count="1"/>
      <line num="840" type="stmt" count="1"/>
      <line num="841" type="stmt" count="1"/>
      <line num="842" type="stmt" count="1"/>
      <line num="843" type="stmt" count="1"/>
      <line num="844" type="stmt" count="1"/>
      <line num="845" type="stmt" count="1"/>
      <line num="846" type="stmt" count="1"/>
      <line num="847" type="stmt" count="1"/>
      <line num="848" type="stmt" count="1"/>
      <line num="849" type="stmt" count="1"/>
      <line num="850" type="stmt" count="1"/>
      <line num="851" type="stmt" count="1"/>
      <line num="881" type="stmt" count="1"/>
      <line num="882" type="stmt" count="1"/>
      <line num="883" type="stmt" count="1"/>
      <line num="884" type="stmt" count="1"/>
      <line num="885" type="stmt" count="1"/>
      <line num="886" type="stmt" count="1"/>
      <line num="887" type="stmt" count="1"/>
      <line num="888" type="stmt" count="1"/>
      <line num="889" type="stmt" count="1"/>
      <line num="890" type="stmt" count="1"/>
      <line num="891" type="stmt" count="1"/>
      <line num="892" type="stmt" count="1"/>
      <line num="893" type="stmt" count="1"/>
      <line num="894" type="stmt" count="1"/>
      <line num="895" type="stmt" count="1"/>
      <line num="896" type="stmt" count="1"/>
      <line num="897" type="stmt" count="1"/>
      <line num="898" type="stmt" count="1"/>
      <line num="899" type="stmt" count="1"/>
      <line num="900" type="stmt" count="1"/>
      <line num="901" type="stmt" count="1"/>
      <line num="902" type="stmt" count="1"/>
      <line num="903" type="stmt" count="1"/>
      <line num="931" type="stmt" count="1"/>
      <line num="932" type="stmt" count="1"/>
      <line num="933" type="stmt" count="1"/>
      <line num="934" type="stmt" count="1"/>
      <line num="935" type="stmt" count="1"/>
      <line num="936" type="stmt" count="1"/>
      <line num="937" type="stmt" count="1"/>
      <line num="938" type="stmt" count="1"/>
      <line num="939" type="stmt" count="1"/>
      <line num="940" type="stmt" count="1"/>
      <line num="941" type="stmt" count="1"/>
      <line num="942" type="stmt" count="1"/>
      <line num="943" type="stmt" count="1"/>
      <line num="944" type="stmt" count="1"/>
      <line num="945" type="stmt" count="1"/>
      <line num="946" type="stmt" count="1"/>
      <line num="947" type="stmt" count="1"/>
      <line num="948" type="stmt" count="1"/>
      <line num="949" type="stmt" count="1"/>
      <line num="950" type="stmt" count="1"/>
      <line num="951" type="stmt" count="1"/>
      <line num="979" type="stmt" count="1"/>
      <line num="980" type="stmt" count="1"/>
      <line num="981" type="stmt" count="1"/>
      <line num="982" type="stmt" count="1"/>
      <line num="983" type="stmt" count="1"/>
      <line num="984" type="stmt" count="1"/>
      <line num="985" type="stmt" count="1"/>
      <line num="986" type="stmt" count="1"/>
      <line num="987" type="stmt" count="1"/>
      <line num="988" type="stmt" count="1"/>
      <line num="989" type="stmt" count="1"/>
      <line num="990" type="stmt" count="1"/>
      <line num="991" type="stmt" count="1"/>
      <line num="992" type="stmt" count="1"/>
      <line num="993" type="stmt" count="1"/>
      <line num="994" type="stmt" count="1"/>
      <line num="995" type="stmt" count="1"/>
      <line num="996" type="stmt" count="1"/>
      <line num="997" type="stmt" count="1"/>
      <line num="998" type="stmt" count="1"/>
      <line num="999" type="stmt" count="1"/>
      <line num="1027" type="stmt" count="1"/>
      <line num="1028" type="stmt" count="1"/>
      <line num="1029" type="stmt" count="1"/>
      <line num="1030" type="stmt" count="1"/>
      <line num="1031" type="stmt" count="1"/>
      <line num="1032" type="stmt" count="1"/>
      <line num="1033" type="stmt" count="1"/>
      <line num="1034" type="stmt" count="1"/>
      <line num="1035" type="stmt" count="1"/>
      <line num="1036" type="stmt" count="1"/>
      <line num="1037" type="stmt" count="1"/>
      <line num="1038" type="stmt" count="1"/>
      <line num="1039" type="stmt" count="1"/>
      <line num="1040" type="stmt" count="1"/>
      <line num="1041" type="stmt" count="1"/>
      <line num="1042" type="stmt" count="1"/>
      <line num="1043" type="stmt" count="1"/>
      <line num="1044" type="stmt" count="1"/>
      <line num="1045" type="stmt" count="1"/>
      <line num="1046" type="stmt" count="1"/>
      <line num="1047" type="stmt" count="1"/>
      <line num="1075" type="stmt" count="1"/>
      <line num="1076" type="stmt" count="1"/>
      <line num="1077" type="stmt" count="1"/>
      <line num="1078" type="stmt" count="1"/>
      <line num="1079" type="stmt" count="1"/>
      <line num="1080" type="stmt" count="1"/>
      <line num="1081" type="stmt" count="1"/>
      <line num="1082" type="stmt" count="1"/>
      <line num="1083" type="stmt" count="1"/>
      <line num="1084" type="stmt" count="1"/>
      <line num="1085" type="stmt" count="1"/>
      <line num="1086" type="stmt" count="1"/>
      <line num="1087" type="stmt" count="1"/>
      <line num="1088" type="stmt" count="1"/>
      <line num="1089" type="stmt" count="1"/>
      <line num="1090" type="stmt" count="1"/>
      <line num="1091" type="stmt" count="1"/>
      <line num="1092" type="stmt" count="1"/>
      <line num="1093" type="stmt" count="1"/>
      <line num="1094" type="stmt" count="1"/>
      <line num="1095" type="stmt" count="1"/>
      <line num="1096" type="stmt" count="1"/>
      <line num="1125" type="stmt" count="1"/>
      <line num="1126" type="stmt" count="1"/>
      <line num="1127" type="stmt" count="1"/>
      <line num="1128" type="stmt" count="1"/>
      <line num="1129" type="stmt" count="1"/>
      <line num="1130" type="stmt" count="1"/>
      <line num="1131" type="stmt" count="1"/>
      <line num="1132" type="stmt" count="1"/>
      <line num="1133" type="stmt" count="1"/>
      <line num="1134" type="stmt" count="1"/>
      <line num="1135" type="stmt" count="1"/>
      <line num="1136" type="stmt" count="1"/>
      <line num="1137" type="stmt" count="1"/>
      <line num="1138" type="stmt" count="1"/>
      <line num="1139" type="stmt" count="1"/>
      <line num="1140" type="stmt" count="1"/>
      <line num="1141" type="stmt" count="1"/>
      <line num="1142" type="stmt" count="1"/>
      <line num="1143" type="stmt" count="1"/>
      <line num="1144" type="stmt" count="1"/>
      <line num="1145" type="stmt" count="1"/>
      <line num="1146" type="stmt" count="1"/>
      <line num="1175" type="stmt" count="1"/>
      <line num="1176" type="stmt" count="1"/>
      <line num="1177" type="stmt" count="1"/>
      <line num="1178" type="stmt" count="1"/>
      <line num="1179" type="stmt" count="1"/>
      <line num="1180" type="stmt" count="1"/>
      <line num="1181" type="stmt" count="1"/>
      <line num="1182" type="stmt" count="1"/>
      <line num="1183" type="stmt" count="1"/>
      <line num="1184" type="stmt" count="1"/>
      <line num="1185" type="stmt" count="1"/>
      <line num="1186" type="stmt" count="1"/>
      <line num="1187" type="stmt" count="1"/>
      <line num="1188" type="stmt" count="1"/>
      <line num="1189" type="stmt" count="1"/>
      <line num="1190" type="stmt" count="1"/>
      <line num="1191" type="stmt" count="1"/>
      <line num="1192" type="stmt" count="1"/>
      <line num="1193" type="stmt" count="1"/>
      <line num="1194" type="stmt" count="1"/>
      <line num="1195" type="stmt" count="1"/>
      <line num="1196" type="stmt" count="1"/>
      <line num="1224" type="stmt" count="1"/>
      <line num="1225" type="stmt" count="1"/>
      <line num="1226" type="stmt" count="1"/>
      <line num="1227" type="stmt" count="1"/>
      <line num="1228" type="stmt" count="1"/>
      <line num="1229" type="stmt" count="1"/>
      <line num="1230" type="stmt" count="1"/>
      <line num="1231" type="stmt" count="1"/>
      <line num="1232" type="stmt" count="1"/>
      <line num="1233" type="stmt" count="1"/>
      <line num="1234" type="stmt" count="1"/>
      <line num="1235" type="stmt" count="1"/>
      <line num="1236" type="stmt" count="1"/>
      <line num="1237" type="stmt" count="1"/>
      <line num="1238" type="stmt" count="1"/>
      <line num="1239" type="stmt" count="1"/>
      <line num="1240" type="stmt" count="1"/>
      <line num="1241" type="stmt" count="1"/>
      <line num="1242" type="stmt" count="1"/>
      <line num="1243" type="stmt" count="1"/>
      <line num="1244" type="stmt" count="1"/>
      <line num="1272" type="stmt" count="1"/>
      <line num="1273" type="stmt" count="1"/>
      <line num="1274" type="stmt" count="1"/>
      <line num="1275" type="stmt" count="1"/>
      <line num="1276" type="stmt" count="1"/>
      <line num="1277" type="stmt" count="1"/>
      <line num="1278" type="stmt" count="1"/>
      <line num="1279" type="stmt" count="1"/>
      <line num="1280" type="stmt" count="1"/>
      <line num="1281" type="stmt" count="1"/>
      <line num="1282" type="stmt" count="1"/>
      <line num="1283" type="stmt" count="1"/>
      <line num="1284" type="stmt" count="1"/>
      <line num="1285" type="stmt" count="1"/>
      <line num="1286" type="stmt" count="1"/>
      <line num="1287" type="stmt" count="1"/>
      <line num="1288" type="stmt" count="1"/>
      <line num="1289" type="stmt" count="1"/>
      <line num="1290" type="stmt" count="1"/>
      <line num="1291" type="stmt" count="1"/>
      <line num="1292" type="stmt" count="1"/>
      <line num="1322" type="stmt" count="1"/>
      <line num="1323" type="stmt" count="1"/>
      <line num="1324" type="stmt" count="1"/>
      <line num="1325" type="stmt" count="1"/>
      <line num="1326" type="stmt" count="1"/>
      <line num="1327" type="stmt" count="1"/>
      <line num="1328" type="stmt" count="1"/>
      <line num="1329" type="stmt" count="1"/>
      <line num="1330" type="stmt" count="1"/>
      <line num="1331" type="stmt" count="1"/>
      <line num="1332" type="stmt" count="1"/>
      <line num="1333" type="stmt" count="1"/>
      <line num="1334" type="stmt" count="1"/>
      <line num="1335" type="stmt" count="1"/>
      <line num="1336" type="stmt" count="1"/>
      <line num="1337" type="stmt" count="1"/>
      <line num="1338" type="stmt" count="1"/>
      <line num="1339" type="stmt" count="1"/>
      <line num="1340" type="stmt" count="1"/>
      <line num="1341" type="stmt" count="1"/>
      <line num="1342" type="stmt" count="1"/>
      <line num="1343" type="stmt" count="1"/>
      <line num="1344" type="stmt" count="1"/>
      <line num="1374" type="stmt" count="1"/>
      <line num="1375" type="stmt" count="1"/>
      <line num="1376" type="stmt" count="1"/>
      <line num="1377" type="stmt" count="1"/>
      <line num="1378" type="stmt" count="1"/>
      <line num="1379" type="stmt" count="1"/>
      <line num="1380" type="stmt" count="1"/>
      <line num="1381" type="stmt" count="1"/>
      <line num="1382" type="stmt" count="1"/>
      <line num="1383" type="stmt" count="1"/>
      <line num="1384" type="stmt" count="1"/>
      <line num="1385" type="stmt" count="1"/>
      <line num="1386" type="stmt" count="1"/>
      <line num="1387" type="stmt" count="1"/>
      <line num="1388" type="stmt" count="1"/>
      <line num="1389" type="stmt" count="1"/>
      <line num="1390" type="stmt" count="1"/>
      <line num="1391" type="stmt" count="1"/>
      <line num="1392" type="stmt" count="1"/>
      <line num="1393" type="stmt" count="1"/>
      <line num="1394" type="stmt" count="1"/>
      <line num="1395" type="stmt" count="1"/>
      <line num="1396" type="stmt" count="1"/>
      <line num="1424" type="stmt" count="1"/>
      <line num="1425" type="stmt" count="1"/>
      <line num="1426" type="stmt" count="1"/>
      <line num="1427" type="stmt" count="1"/>
      <line num="1428" type="stmt" count="1"/>
      <line num="1429" type="stmt" count="1"/>
      <line num="1430" type="stmt" count="1"/>
      <line num="1431" type="stmt" count="1"/>
      <line num="1432" type="stmt" count="1"/>
      <line num="1433" type="stmt" count="1"/>
      <line num="1434" type="stmt" count="1"/>
      <line num="1435" type="stmt" count="1"/>
      <line num="1436" type="stmt" count="1"/>
      <line num="1437" type="stmt" count="1"/>
      <line num="1438" type="stmt" count="1"/>
      <line num="1439" type="stmt" count="1"/>
      <line num="1440" type="stmt" count="1"/>
      <line num="1441" type="stmt" count="1"/>
      <line num="1442" type="stmt" count="1"/>
      <line num="1443" type="stmt" count="1"/>
      <line num="1444" type="stmt" count="1"/>
      <line num="1473" type="stmt" count="1"/>
      <line num="1474" type="stmt" count="1"/>
      <line num="1475" type="stmt" count="1"/>
      <line num="1476" type="stmt" count="1"/>
      <line num="1477" type="stmt" count="1"/>
      <line num="1478" type="stmt" count="1"/>
      <line num="1479" type="stmt" count="1"/>
      <line num="1480" type="stmt" count="1"/>
      <line num="1481" type="stmt" count="1"/>
      <line num="1482" type="stmt" count="1"/>
      <line num="1483" type="stmt" count="1"/>
      <line num="1484" type="stmt" count="1"/>
      <line num="1485" type="stmt" count="1"/>
      <line num="1486" type="stmt" count="1"/>
      <line num="1487" type="stmt" count="1"/>
      <line num="1488" type="stmt" count="1"/>
      <line num="1489" type="stmt" count="1"/>
      <line num="1490" type="stmt" count="1"/>
      <line num="1491" type="stmt" count="1"/>
      <line num="1492" type="stmt" count="1"/>
      <line num="1493" type="stmt" count="1"/>
      <line num="1494" type="stmt" count="1"/>
      <line num="1522" type="stmt" count="1"/>
      <line num="1523" type="stmt" count="1"/>
      <line num="1524" type="stmt" count="1"/>
      <line num="1525" type="stmt" count="1"/>
      <line num="1526" type="stmt" count="1"/>
      <line num="1527" type="stmt" count="1"/>
      <line num="1528" type="stmt" count="1"/>
      <line num="1529" type="stmt" count="1"/>
      <line num="1530" type="stmt" count="1"/>
      <line num="1531" type="stmt" count="1"/>
      <line num="1532" type="stmt" count="1"/>
      <line num="1533" type="stmt" count="1"/>
      <line num="1534" type="stmt" count="1"/>
      <line num="1535" type="stmt" count="1"/>
      <line num="1536" type="stmt" count="1"/>
      <line num="1537" type="stmt" count="1"/>
      <line num="1538" type="stmt" count="1"/>
      <line num="1539" type="stmt" count="1"/>
      <line num="1540" type="stmt" count="1"/>
      <line num="1541" type="stmt" count="1"/>
      <line num="1542" type="stmt" count="1"/>
      <line num="1570" type="stmt" count="1"/>
      <line num="1571" type="stmt" count="1"/>
      <line num="1572" type="stmt" count="1"/>
      <line num="1573" type="stmt" count="1"/>
      <line num="1574" type="stmt" count="1"/>
      <line num="1575" type="stmt" count="1"/>
      <line num="1576" type="stmt" count="1"/>
      <line num="1577" type="stmt" count="1"/>
      <line num="1578" type="stmt" count="1"/>
      <line num="1579" type="stmt" count="1"/>
      <line num="1580" type="stmt" count="1"/>
      <line num="1581" type="stmt" count="1"/>
      <line num="1582" type="stmt" count="1"/>
      <line num="1583" type="stmt" count="1"/>
      <line num="1584" type="stmt" count="1"/>
      <line num="1585" type="stmt" count="1"/>
      <line num="1586" type="stmt" count="1"/>
      <line num="1587" type="stmt" count="1"/>
      <line num="1588" type="stmt" count="1"/>
      <line num="1589" type="stmt" count="1"/>
      <line num="1590" type="stmt" count="1"/>
      <line num="1618" type="stmt" count="1"/>
      <line num="1619" type="stmt" count="1"/>
      <line num="1620" type="stmt" count="1"/>
      <line num="1621" type="stmt" count="1"/>
      <line num="1622" type="stmt" count="1"/>
      <line num="1623" type="stmt" count="1"/>
      <line num="1624" type="stmt" count="1"/>
      <line num="1625" type="stmt" count="1"/>
      <line num="1626" type="stmt" count="1"/>
      <line num="1627" type="stmt" count="1"/>
      <line num="1628" type="stmt" count="1"/>
      <line num="1629" type="stmt" count="1"/>
      <line num="1630" type="stmt" count="1"/>
      <line num="1631" type="stmt" count="1"/>
      <line num="1632" type="stmt" count="1"/>
      <line num="1633" type="stmt" count="1"/>
      <line num="1634" type="stmt" count="1"/>
      <line num="1635" type="stmt" count="1"/>
      <line num="1636" type="stmt" count="1"/>
      <line num="1637" type="stmt" count="1"/>
      <line num="1638" type="stmt" count="1"/>
      <line num="1666" type="stmt" count="1"/>
      <line num="1667" type="stmt" count="1"/>
      <line num="1668" type="stmt" count="1"/>
      <line num="1669" type="stmt" count="1"/>
      <line num="1670" type="stmt" count="1"/>
      <line num="1671" type="stmt" count="1"/>
      <line num="1672" type="stmt" count="1"/>
      <line num="1673" type="stmt" count="1"/>
      <line num="1674" type="stmt" count="1"/>
      <line num="1675" type="stmt" count="1"/>
      <line num="1676" type="stmt" count="1"/>
      <line num="1677" type="stmt" count="1"/>
      <line num="1678" type="stmt" count="1"/>
      <line num="1679" type="stmt" count="1"/>
      <line num="1680" type="stmt" count="1"/>
      <line num="1681" type="stmt" count="1"/>
      <line num="1682" type="stmt" count="1"/>
      <line num="1683" type="stmt" count="1"/>
      <line num="1684" type="stmt" count="1"/>
      <line num="1685" type="stmt" count="1"/>
      <line num="1686" type="stmt" count="1"/>
      <line num="1717" type="stmt" count="1"/>
      <line num="1718" type="stmt" count="1"/>
      <line num="1719" type="stmt" count="1"/>
      <line num="1720" type="stmt" count="1"/>
      <line num="1721" type="stmt" count="1"/>
      <line num="1722" type="stmt" count="1"/>
      <line num="1723" type="stmt" count="1"/>
      <line num="1724" type="stmt" count="1"/>
      <line num="1725" type="stmt" count="1"/>
      <line num="1726" type="stmt" count="1"/>
      <line num="1727" type="stmt" count="1"/>
      <line num="1728" type="stmt" count="1"/>
      <line num="1729" type="stmt" count="1"/>
      <line num="1730" type="stmt" count="1"/>
      <line num="1731" type="stmt" count="1"/>
      <line num="1732" type="stmt" count="1"/>
      <line num="1733" type="stmt" count="1"/>
      <line num="1734" type="stmt" count="1"/>
      <line num="1735" type="stmt" count="1"/>
      <line num="1736" type="stmt" count="1"/>
      <line num="1737" type="stmt" count="1"/>
      <line num="1738" type="stmt" count="1"/>
      <line num="1739" type="stmt" count="1"/>
      <line num="1740" type="stmt" count="1"/>
      <line num="1741" type="stmt" count="1"/>
      <line num="1772" type="stmt" count="1"/>
      <line num="1773" type="stmt" count="1"/>
      <line num="1774" type="stmt" count="1"/>
      <line num="1775" type="stmt" count="1"/>
      <line num="1776" type="stmt" count="1"/>
      <line num="1777" type="stmt" count="1"/>
      <line num="1778" type="stmt" count="1"/>
      <line num="1779" type="stmt" count="1"/>
      <line num="1780" type="stmt" count="1"/>
      <line num="1781" type="stmt" count="1"/>
      <line num="1782" type="stmt" count="1"/>
      <line num="1783" type="stmt" count="1"/>
      <line num="1784" type="stmt" count="1"/>
      <line num="1785" type="stmt" count="1"/>
      <line num="1786" type="stmt" count="1"/>
      <line num="1787" type="stmt" count="1"/>
      <line num="1788" type="stmt" count="1"/>
      <line num="1789" type="stmt" count="1"/>
      <line num="1790" type="stmt" count="1"/>
      <line num="1791" type="stmt" count="1"/>
      <line num="1792" type="stmt" count="1"/>
      <line num="1793" type="stmt" count="1"/>
      <line num="1794" type="stmt" count="1"/>
      <line num="1795" type="stmt" count="1"/>
      <line num="1823" type="stmt" count="1"/>
      <line num="1824" type="stmt" count="1"/>
      <line num="1825" type="stmt" count="1"/>
      <line num="1826" type="stmt" count="1"/>
      <line num="1827" type="stmt" count="1"/>
      <line num="1828" type="stmt" count="1"/>
      <line num="1829" type="stmt" count="1"/>
      <line num="1830" type="stmt" count="1"/>
      <line num="1831" type="stmt" count="1"/>
      <line num="1832" type="stmt" count="1"/>
      <line num="1833" type="stmt" count="1"/>
      <line num="1834" type="stmt" count="1"/>
      <line num="1835" type="stmt" count="1"/>
      <line num="1836" type="stmt" count="1"/>
      <line num="1837" type="stmt" count="1"/>
      <line num="1838" type="stmt" count="1"/>
      <line num="1839" type="stmt" count="1"/>
      <line num="1840" type="stmt" count="1"/>
      <line num="1841" type="stmt" count="1"/>
      <line num="1842" type="stmt" count="1"/>
      <line num="1843" type="stmt" count="1"/>
      <line num="1871" type="stmt" count="1"/>
      <line num="1872" type="stmt" count="1"/>
      <line num="1873" type="stmt" count="1"/>
      <line num="1874" type="stmt" count="1"/>
      <line num="1875" type="stmt" count="1"/>
      <line num="1876" type="stmt" count="1"/>
      <line num="1877" type="stmt" count="1"/>
      <line num="1878" type="stmt" count="1"/>
      <line num="1879" type="stmt" count="1"/>
      <line num="1880" type="stmt" count="1"/>
      <line num="1881" type="stmt" count="1"/>
      <line num="1882" type="stmt" count="1"/>
      <line num="1883" type="stmt" count="1"/>
      <line num="1884" type="stmt" count="1"/>
      <line num="1885" type="stmt" count="1"/>
      <line num="1886" type="stmt" count="1"/>
      <line num="1887" type="stmt" count="1"/>
      <line num="1888" type="stmt" count="1"/>
      <line num="1889" type="stmt" count="1"/>
      <line num="1890" type="stmt" count="1"/>
      <line num="1891" type="stmt" count="1"/>
      <line num="1919" type="stmt" count="1"/>
      <line num="1920" type="stmt" count="1"/>
      <line num="1921" type="stmt" count="1"/>
      <line num="1922" type="stmt" count="1"/>
      <line num="1923" type="stmt" count="1"/>
      <line num="1924" type="stmt" count="1"/>
      <line num="1925" type="stmt" count="1"/>
      <line num="1926" type="stmt" count="1"/>
      <line num="1927" type="stmt" count="1"/>
      <line num="1928" type="stmt" count="1"/>
      <line num="1929" type="stmt" count="1"/>
      <line num="1930" type="stmt" count="1"/>
      <line num="1931" type="stmt" count="1"/>
      <line num="1932" type="stmt" count="1"/>
      <line num="1933" type="stmt" count="1"/>
      <line num="1934" type="stmt" count="1"/>
      <line num="1935" type="stmt" count="1"/>
      <line num="1936" type="stmt" count="1"/>
      <line num="1937" type="stmt" count="1"/>
      <line num="1938" type="stmt" count="1"/>
      <line num="1939" type="stmt" count="1"/>
      <line num="1976" type="stmt" count="1"/>
      <line num="1977" type="stmt" count="1"/>
      <line num="1978" type="stmt" count="1"/>
      <line num="1979" type="stmt" count="1"/>
      <line num="1980" type="stmt" count="1"/>
      <line num="1981" type="stmt" count="1"/>
      <line num="1982" type="stmt" count="1"/>
      <line num="1983" type="stmt" count="1"/>
      <line num="1984" type="stmt" count="1"/>
      <line num="1985" type="stmt" count="1"/>
      <line num="1986" type="stmt" count="1"/>
      <line num="1987" type="stmt" count="1"/>
      <line num="1988" type="stmt" count="1"/>
      <line num="1989" type="stmt" count="1"/>
      <line num="1990" type="stmt" count="1"/>
      <line num="1991" type="stmt" count="1"/>
      <line num="1992" type="stmt" count="1"/>
      <line num="1993" type="stmt" count="1"/>
      <line num="1994" type="stmt" count="1"/>
      <line num="1995" type="stmt" count="1"/>
      <line num="1996" type="stmt" count="1"/>
      <line num="1997" type="stmt" count="1"/>
      <line num="1998" type="stmt" count="1"/>
      <line num="1999" type="stmt" count="1"/>
      <line num="2000" type="stmt" count="1"/>
      <line num="2001" type="stmt" count="1"/>
      <line num="2002" type="stmt" count="1"/>
      <line num="2003" type="stmt" count="1"/>
      <line num="2004" type="stmt" count="1"/>
      <line num="2005" type="stmt" count="1"/>
      <line num="2033" type="stmt" count="1"/>
      <line num="2034" type="stmt" count="1"/>
      <line num="2035" type="stmt" count="1"/>
      <line num="2036" type="stmt" count="1"/>
      <line num="2037" type="stmt" count="1"/>
      <line num="2038" type="stmt" count="1"/>
      <line num="2039" type="stmt" count="1"/>
      <line num="2040" type="stmt" count="1"/>
      <line num="2041" type="stmt" count="1"/>
      <line num="2042" type="stmt" count="1"/>
      <line num="2043" type="stmt" count="1"/>
      <line num="2044" type="stmt" count="1"/>
      <line num="2045" type="stmt" count="1"/>
      <line num="2046" type="stmt" count="1"/>
      <line num="2047" type="stmt" count="1"/>
      <line num="2048" type="stmt" count="1"/>
      <line num="2049" type="stmt" count="1"/>
      <line num="2050" type="stmt" count="1"/>
      <line num="2051" type="stmt" count="1"/>
      <line num="2052" type="stmt" count="1"/>
      <line num="2053" type="stmt" count="1"/>
      <line num="2081" type="stmt" count="1"/>
      <line num="2082" type="stmt" count="1"/>
      <line num="2083" type="stmt" count="1"/>
      <line num="2084" type="stmt" count="1"/>
      <line num="2085" type="stmt" count="1"/>
      <line num="2086" type="stmt" count="1"/>
      <line num="2087" type="stmt" count="1"/>
      <line num="2088" type="stmt" count="1"/>
      <line num="2089" type="stmt" count="1"/>
      <line num="2090" type="stmt" count="1"/>
      <line num="2091" type="stmt" count="1"/>
      <line num="2092" type="stmt" count="1"/>
      <line num="2093" type="stmt" count="1"/>
      <line num="2094" type="stmt" count="1"/>
      <line num="2095" type="stmt" count="1"/>
      <line num="2096" type="stmt" count="1"/>
      <line num="2097" type="stmt" count="1"/>
      <line num="2098" type="stmt" count="1"/>
      <line num="2099" type="stmt" count="1"/>
      <line num="2100" type="stmt" count="1"/>
      <line num="2101" type="stmt" count="1"/>
      <line num="2129" type="stmt" count="1"/>
      <line num="2130" type="stmt" count="1"/>
      <line num="2131" type="stmt" count="1"/>
      <line num="2132" type="stmt" count="1"/>
      <line num="2133" type="stmt" count="1"/>
      <line num="2134" type="stmt" count="1"/>
      <line num="2135" type="stmt" count="1"/>
      <line num="2136" type="stmt" count="1"/>
      <line num="2137" type="stmt" count="1"/>
      <line num="2138" type="stmt" count="1"/>
      <line num="2139" type="stmt" count="1"/>
      <line num="2140" type="stmt" count="1"/>
      <line num="2141" type="stmt" count="1"/>
      <line num="2142" type="stmt" count="1"/>
      <line num="2143" type="stmt" count="1"/>
      <line num="2144" type="stmt" count="1"/>
      <line num="2145" type="stmt" count="1"/>
      <line num="2146" type="stmt" count="1"/>
      <line num="2147" type="stmt" count="1"/>
      <line num="2148" type="stmt" count="1"/>
      <line num="2149" type="stmt" count="1"/>
      <line num="2177" type="stmt" count="1"/>
      <line num="2178" type="stmt" count="1"/>
      <line num="2179" type="stmt" count="1"/>
      <line num="2180" type="stmt" count="1"/>
      <line num="2181" type="stmt" count="1"/>
      <line num="2182" type="stmt" count="1"/>
      <line num="2183" type="stmt" count="1"/>
      <line num="2184" type="stmt" count="1"/>
      <line num="2185" type="stmt" count="1"/>
      <line num="2186" type="stmt" count="1"/>
      <line num="2187" type="stmt" count="1"/>
      <line num="2188" type="stmt" count="1"/>
      <line num="2189" type="stmt" count="1"/>
      <line num="2190" type="stmt" count="1"/>
      <line num="2191" type="stmt" count="1"/>
      <line num="2192" type="stmt" count="1"/>
      <line num="2193" type="stmt" count="1"/>
      <line num="2194" type="stmt" count="1"/>
      <line num="2195" type="stmt" count="1"/>
      <line num="2196" type="stmt" count="1"/>
      <line num="2197" type="stmt" count="1"/>
      <line num="2224" type="stmt" count="1"/>
      <line num="2225" type="stmt" count="1"/>
      <line num="2226" type="stmt" count="1"/>
      <line num="2227" type="stmt" count="1"/>
      <line num="2228" type="stmt" count="1"/>
      <line num="2229" type="stmt" count="1"/>
      <line num="2230" type="stmt" count="1"/>
      <line num="2231" type="stmt" count="1"/>
      <line num="2232" type="stmt" count="1"/>
      <line num="2233" type="stmt" count="1"/>
      <line num="2234" type="stmt" count="1"/>
      <line num="2235" type="stmt" count="1"/>
      <line num="2236" type="stmt" count="1"/>
      <line num="2237" type="stmt" count="1"/>
      <line num="2238" type="stmt" count="1"/>
      <line num="2239" type="stmt" count="1"/>
      <line num="2240" type="stmt" count="1"/>
      <line num="2241" type="stmt" count="1"/>
      <line num="2242" type="stmt" count="1"/>
      <line num="2243" type="stmt" count="1"/>
      <line num="2244" type="stmt" count="1"/>
      <line num="2273" type="stmt" count="1"/>
      <line num="2274" type="stmt" count="1"/>
      <line num="2275" type="stmt" count="1"/>
      <line num="2276" type="stmt" count="1"/>
      <line num="2277" type="stmt" count="1"/>
      <line num="2278" type="stmt" count="1"/>
      <line num="2279" type="stmt" count="1"/>
      <line num="2280" type="stmt" count="1"/>
      <line num="2281" type="stmt" count="1"/>
      <line num="2282" type="stmt" count="1"/>
      <line num="2283" type="stmt" count="1"/>
      <line num="2284" type="stmt" count="1"/>
      <line num="2285" type="stmt" count="1"/>
      <line num="2286" type="stmt" count="1"/>
      <line num="2287" type="stmt" count="1"/>
      <line num="2288" type="stmt" count="1"/>
      <line num="2289" type="stmt" count="1"/>
      <line num="2290" type="stmt" count="1"/>
      <line num="2291" type="stmt" count="1"/>
      <line num="2292" type="stmt" count="1"/>
      <line num="2293" type="stmt" count="1"/>
      <line num="2294" type="stmt" count="1"/>
      <line num="2322" type="stmt" count="1"/>
      <line num="2323" type="stmt" count="1"/>
      <line num="2324" type="stmt" count="1"/>
      <line num="2325" type="stmt" count="1"/>
      <line num="2326" type="stmt" count="1"/>
      <line num="2327" type="stmt" count="1"/>
      <line num="2328" type="stmt" count="1"/>
      <line num="2329" type="stmt" count="1"/>
      <line num="2330" type="stmt" count="1"/>
      <line num="2331" type="stmt" count="1"/>
      <line num="2332" type="stmt" count="1"/>
      <line num="2333" type="stmt" count="1"/>
      <line num="2334" type="stmt" count="1"/>
      <line num="2335" type="stmt" count="1"/>
      <line num="2336" type="stmt" count="1"/>
      <line num="2337" type="stmt" count="1"/>
      <line num="2338" type="stmt" count="1"/>
      <line num="2339" type="stmt" count="1"/>
      <line num="2340" type="stmt" count="1"/>
      <line num="2341" type="stmt" count="1"/>
      <line num="2342" type="stmt" count="1"/>
      <line num="2379" type="stmt" count="1"/>
      <line num="2380" type="stmt" count="1"/>
      <line num="2381" type="stmt" count="1"/>
      <line num="2382" type="stmt" count="1"/>
      <line num="2383" type="stmt" count="1"/>
      <line num="2384" type="stmt" count="1"/>
      <line num="2385" type="stmt" count="1"/>
      <line num="2386" type="stmt" count="1"/>
      <line num="2387" type="stmt" count="1"/>
      <line num="2388" type="stmt" count="1"/>
      <line num="2389" type="stmt" count="1"/>
      <line num="2390" type="stmt" count="1"/>
      <line num="2391" type="stmt" count="1"/>
      <line num="2392" type="stmt" count="1"/>
      <line num="2393" type="stmt" count="1"/>
      <line num="2394" type="stmt" count="1"/>
      <line num="2395" type="stmt" count="1"/>
      <line num="2396" type="stmt" count="1"/>
      <line num="2397" type="stmt" count="1"/>
      <line num="2398" type="stmt" count="1"/>
      <line num="2399" type="stmt" count="1"/>
      <line num="2400" type="stmt" count="1"/>
      <line num="2401" type="stmt" count="1"/>
      <line num="2402" type="stmt" count="1"/>
      <line num="2403" type="stmt" count="1"/>
      <line num="2404" type="stmt" count="1"/>
      <line num="2405" type="stmt" count="1"/>
      <line num="2406" type="stmt" count="1"/>
      <line num="2407" type="stmt" count="1"/>
      <line num="2408" type="stmt" count="1"/>
      <line num="2409" type="stmt" count="1"/>
      <line num="2449" type="stmt" count="1"/>
      <line num="2450" type="stmt" count="1"/>
      <line num="2451" type="stmt" count="1"/>
      <line num="2452" type="stmt" count="1"/>
      <line num="2453" type="stmt" count="1"/>
      <line num="2454" type="stmt" count="1"/>
      <line num="2455" type="stmt" count="1"/>
      <line num="2456" type="stmt" count="1"/>
      <line num="2457" type="stmt" count="1"/>
      <line num="2458" type="stmt" count="1"/>
      <line num="2459" type="stmt" count="1"/>
      <line num="2460" type="stmt" count="1"/>
      <line num="2461" type="stmt" count="1"/>
      <line num="2462" type="stmt" count="1"/>
      <line num="2463" type="stmt" count="1"/>
      <line num="2464" type="stmt" count="1"/>
      <line num="2465" type="stmt" count="1"/>
      <line num="2466" type="stmt" count="1"/>
      <line num="2467" type="stmt" count="1"/>
      <line num="2468" type="stmt" count="1"/>
      <line num="2469" type="stmt" count="1"/>
      <line num="2470" type="stmt" count="1"/>
      <line num="2471" type="stmt" count="1"/>
      <line num="2472" type="stmt" count="1"/>
      <line num="2473" type="stmt" count="1"/>
      <line num="2474" type="stmt" count="1"/>
      <line num="2475" type="stmt" count="1"/>
      <line num="2476" type="stmt" count="1"/>
      <line num="2477" type="stmt" count="1"/>
      <line num="2478" type="stmt" count="1"/>
      <line num="2479" type="stmt" count="1"/>
      <line num="2480" type="stmt" count="1"/>
      <line num="2481" type="stmt" count="1"/>
      <line num="2482" type="stmt" count="1"/>
      <line num="2541" type="stmt" count="1"/>
      <line num="2542" type="stmt" count="1"/>
      <line num="2543" type="stmt" count="1"/>
      <line num="2544" type="stmt" count="1"/>
      <line num="2545" type="stmt" count="1"/>
      <line num="2546" type="stmt" count="1"/>
      <line num="2547" type="stmt" count="1"/>
      <line num="2548" type="stmt" count="1"/>
      <line num="2549" type="stmt" count="1"/>
      <line num="2550" type="stmt" count="1"/>
      <line num="2551" type="stmt" count="1"/>
      <line num="2552" type="stmt" count="1"/>
      <line num="2553" type="stmt" count="1"/>
      <line num="2554" type="stmt" count="1"/>
      <line num="2555" type="stmt" count="1"/>
      <line num="2556" type="stmt" count="1"/>
      <line num="2557" type="stmt" count="1"/>
      <line num="2558" type="stmt" count="1"/>
      <line num="2559" type="stmt" count="1"/>
      <line num="2560" type="stmt" count="1"/>
      <line num="2561" type="stmt" count="1"/>
      <line num="2562" type="stmt" count="1"/>
      <line num="2563" type="stmt" count="1"/>
      <line num="2564" type="stmt" count="1"/>
      <line num="2565" type="stmt" count="1"/>
      <line num="2566" type="stmt" count="1"/>
      <line num="2567" type="stmt" count="1"/>
      <line num="2568" type="stmt" count="1"/>
      <line num="2569" type="stmt" count="1"/>
      <line num="2570" type="stmt" count="1"/>
      <line num="2571" type="stmt" count="1"/>
      <line num="2572" type="stmt" count="1"/>
      <line num="2573" type="stmt" count="1"/>
      <line num="2574" type="stmt" count="1"/>
      <line num="2575" type="stmt" count="1"/>
      <line num="2576" type="stmt" count="1"/>
      <line num="2577" type="stmt" count="1"/>
      <line num="2578" type="stmt" count="1"/>
      <line num="2579" type="stmt" count="1"/>
      <line num="2580" type="stmt" count="1"/>
      <line num="2581" type="stmt" count="1"/>
      <line num="2582" type="stmt" count="1"/>
      <line num="2583" type="stmt" count="1"/>
      <line num="2584" type="stmt" count="1"/>
      <line num="2585" type="stmt" count="1"/>
      <line num="2586" type="stmt" count="1"/>
      <line num="2587" type="stmt" count="1"/>
      <line num="2588" type="stmt" count="1"/>
      <line num="2589" type="stmt" count="1"/>
      <line num="2590" type="stmt" count="1"/>
      <line num="2591" type="stmt" count="1"/>
      <line num="2592" type="stmt" count="1"/>
      <line num="2593" type="stmt" count="1"/>
      <line num="2623" type="stmt" count="1"/>
      <line num="2624" type="stmt" count="1"/>
      <line num="2625" type="stmt" count="1"/>
      <line num="2626" type="stmt" count="1"/>
      <line num="2627" type="stmt" count="1"/>
      <line num="2628" type="stmt" count="1"/>
      <line num="2629" type="stmt" count="1"/>
      <line num="2630" type="stmt" count="1"/>
      <line num="2631" type="stmt" count="1"/>
      <line num="2632" type="stmt" count="1"/>
      <line num="2633" type="stmt" count="1"/>
      <line num="2634" type="stmt" count="1"/>
      <line num="2635" type="stmt" count="1"/>
      <line num="2636" type="stmt" count="1"/>
      <line num="2637" type="stmt" count="1"/>
      <line num="2638" type="stmt" count="1"/>
      <line num="2639" type="stmt" count="1"/>
      <line num="2640" type="stmt" count="1"/>
      <line num="2641" type="stmt" count="1"/>
      <line num="2642" type="stmt" count="1"/>
      <line num="2643" type="stmt" count="1"/>
      <line num="2644" type="stmt" count="1"/>
      <line num="2645" type="stmt" count="1"/>
      <line num="2673" type="stmt" count="1"/>
      <line num="2674" type="stmt" count="1"/>
      <line num="2675" type="stmt" count="1"/>
      <line num="2676" type="stmt" count="1"/>
      <line num="2677" type="stmt" count="1"/>
      <line num="2678" type="stmt" count="1"/>
      <line num="2679" type="stmt" count="1"/>
      <line num="2680" type="stmt" count="1"/>
      <line num="2681" type="stmt" count="1"/>
      <line num="2682" type="stmt" count="1"/>
      <line num="2683" type="stmt" count="1"/>
      <line num="2684" type="stmt" count="1"/>
      <line num="2685" type="stmt" count="1"/>
      <line num="2686" type="stmt" count="1"/>
      <line num="2687" type="stmt" count="1"/>
      <line num="2688" type="stmt" count="1"/>
      <line num="2689" type="stmt" count="1"/>
      <line num="2690" type="stmt" count="1"/>
      <line num="2691" type="stmt" count="1"/>
      <line num="2692" type="stmt" count="1"/>
      <line num="2693" type="stmt" count="1"/>
      <line num="2722" type="stmt" count="1"/>
      <line num="2723" type="stmt" count="1"/>
      <line num="2724" type="stmt" count="1"/>
      <line num="2725" type="stmt" count="1"/>
      <line num="2726" type="stmt" count="1"/>
      <line num="2727" type="stmt" count="1"/>
      <line num="2728" type="stmt" count="1"/>
      <line num="2729" type="stmt" count="1"/>
      <line num="2730" type="stmt" count="1"/>
      <line num="2731" type="stmt" count="1"/>
      <line num="2732" type="stmt" count="1"/>
      <line num="2733" type="stmt" count="1"/>
      <line num="2734" type="stmt" count="1"/>
      <line num="2735" type="stmt" count="1"/>
      <line num="2736" type="stmt" count="1"/>
      <line num="2737" type="stmt" count="1"/>
      <line num="2738" type="stmt" count="1"/>
      <line num="2739" type="stmt" count="1"/>
      <line num="2740" type="stmt" count="1"/>
      <line num="2741" type="stmt" count="1"/>
      <line num="2742" type="stmt" count="1"/>
      <line num="2743" type="stmt" count="1"/>
      <line num="2771" type="stmt" count="1"/>
      <line num="2772" type="stmt" count="1"/>
      <line num="2773" type="stmt" count="1"/>
      <line num="2774" type="stmt" count="1"/>
      <line num="2775" type="stmt" count="1"/>
      <line num="2776" type="stmt" count="1"/>
      <line num="2777" type="stmt" count="1"/>
      <line num="2778" type="stmt" count="1"/>
      <line num="2779" type="stmt" count="1"/>
      <line num="2780" type="stmt" count="1"/>
      <line num="2781" type="stmt" count="1"/>
      <line num="2782" type="stmt" count="1"/>
      <line num="2783" type="stmt" count="1"/>
      <line num="2784" type="stmt" count="1"/>
      <line num="2785" type="stmt" count="1"/>
      <line num="2786" type="stmt" count="1"/>
      <line num="2787" type="stmt" count="1"/>
      <line num="2788" type="stmt" count="1"/>
      <line num="2789" type="stmt" count="1"/>
      <line num="2790" type="stmt" count="1"/>
      <line num="2791" type="stmt" count="1"/>
      <line num="2820" type="stmt" count="1"/>
      <line num="2821" type="stmt" count="1"/>
      <line num="2822" type="stmt" count="1"/>
      <line num="2823" type="stmt" count="1"/>
      <line num="2824" type="stmt" count="1"/>
      <line num="2825" type="stmt" count="1"/>
      <line num="2826" type="stmt" count="1"/>
      <line num="2827" type="stmt" count="1"/>
      <line num="2828" type="stmt" count="1"/>
      <line num="2829" type="stmt" count="1"/>
      <line num="2830" type="stmt" count="1"/>
      <line num="2831" type="stmt" count="1"/>
      <line num="2832" type="stmt" count="1"/>
      <line num="2833" type="stmt" count="1"/>
      <line num="2834" type="stmt" count="1"/>
      <line num="2835" type="stmt" count="1"/>
      <line num="2836" type="stmt" count="1"/>
      <line num="2837" type="stmt" count="1"/>
      <line num="2838" type="stmt" count="1"/>
      <line num="2839" type="stmt" count="1"/>
      <line num="2840" type="stmt" count="1"/>
      <line num="2841" type="stmt" count="1"/>
      <line num="2884" type="stmt" count="1"/>
      <line num="2885" type="stmt" count="1"/>
      <line num="2886" type="stmt" count="1"/>
      <line num="2887" type="stmt" count="1"/>
      <line num="2888" type="stmt" count="1"/>
      <line num="2889" type="stmt" count="1"/>
      <line num="2890" type="stmt" count="1"/>
      <line num="2891" type="stmt" count="1"/>
      <line num="2892" type="stmt" count="1"/>
      <line num="2893" type="stmt" count="1"/>
      <line num="2894" type="stmt" count="1"/>
      <line num="2895" type="stmt" count="1"/>
      <line num="2896" type="stmt" count="1"/>
      <line num="2897" type="stmt" count="1"/>
      <line num="2898" type="stmt" count="1"/>
      <line num="2899" type="stmt" count="1"/>
      <line num="2900" type="stmt" count="1"/>
      <line num="2901" type="stmt" count="1"/>
      <line num="2902" type="stmt" count="1"/>
      <line num="2903" type="stmt" count="1"/>
      <line num="2904" type="stmt" count="1"/>
      <line num="2905" type="stmt" count="1"/>
      <line num="2906" type="stmt" count="1"/>
      <line num="2907" type="stmt" count="1"/>
      <line num="2908" type="stmt" count="1"/>
      <line num="2909" type="stmt" count="1"/>
      <line num="2910" type="stmt" count="1"/>
      <line num="2911" type="stmt" count="1"/>
      <line num="2912" type="stmt" count="1"/>
      <line num="2913" type="stmt" count="1"/>
      <line num="2914" type="stmt" count="1"/>
      <line num="2915" type="stmt" count="1"/>
      <line num="2916" type="stmt" count="1"/>
      <line num="2917" type="stmt" count="1"/>
      <line num="2918" type="stmt" count="1"/>
      <line num="2919" type="stmt" count="1"/>
      <line num="2920" type="stmt" count="1"/>
      <line num="2948" type="stmt" count="1"/>
      <line num="2949" type="stmt" count="1"/>
      <line num="2950" type="stmt" count="1"/>
      <line num="2951" type="stmt" count="1"/>
      <line num="2952" type="stmt" count="1"/>
      <line num="2953" type="stmt" count="1"/>
      <line num="2954" type="stmt" count="1"/>
      <line num="2955" type="stmt" count="1"/>
      <line num="2956" type="stmt" count="1"/>
      <line num="2957" type="stmt" count="1"/>
      <line num="2958" type="stmt" count="1"/>
      <line num="2959" type="stmt" count="1"/>
      <line num="2960" type="stmt" count="1"/>
      <line num="2961" type="stmt" count="1"/>
      <line num="2962" type="stmt" count="1"/>
      <line num="2963" type="stmt" count="1"/>
      <line num="2964" type="stmt" count="1"/>
      <line num="2965" type="stmt" count="1"/>
      <line num="2966" type="stmt" count="1"/>
      <line num="2967" type="stmt" count="1"/>
      <line num="2968" type="stmt" count="1"/>
      <line num="2997" type="stmt" count="1"/>
      <line num="2998" type="stmt" count="1"/>
      <line num="2999" type="stmt" count="1"/>
      <line num="3000" type="stmt" count="1"/>
      <line num="3001" type="stmt" count="1"/>
      <line num="3002" type="stmt" count="1"/>
      <line num="3003" type="stmt" count="1"/>
      <line num="3004" type="stmt" count="1"/>
      <line num="3005" type="stmt" count="1"/>
      <line num="3006" type="stmt" count="1"/>
      <line num="3007" type="stmt" count="1"/>
      <line num="3008" type="stmt" count="1"/>
      <line num="3009" type="stmt" count="1"/>
      <line num="3010" type="stmt" count="1"/>
      <line num="3011" type="stmt" count="1"/>
      <line num="3012" type="stmt" count="1"/>
      <line num="3013" type="stmt" count="1"/>
      <line num="3014" type="stmt" count="1"/>
      <line num="3015" type="stmt" count="1"/>
      <line num="3016" type="stmt" count="1"/>
      <line num="3017" type="stmt" count="1"/>
      <line num="3018" type="stmt" count="1"/>
      <line num="3046" type="stmt" count="1"/>
      <line num="3047" type="stmt" count="1"/>
      <line num="3048" type="stmt" count="1"/>
      <line num="3049" type="stmt" count="1"/>
      <line num="3050" type="stmt" count="1"/>
      <line num="3051" type="stmt" count="1"/>
      <line num="3052" type="stmt" count="1"/>
      <line num="3053" type="stmt" count="1"/>
      <line num="3054" type="stmt" count="1"/>
      <line num="3055" type="stmt" count="1"/>
      <line num="3056" type="stmt" count="1"/>
      <line num="3057" type="stmt" count="1"/>
      <line num="3058" type="stmt" count="1"/>
      <line num="3059" type="stmt" count="1"/>
      <line num="3060" type="stmt" count="1"/>
      <line num="3061" type="stmt" count="1"/>
      <line num="3062" type="stmt" count="1"/>
      <line num="3063" type="stmt" count="1"/>
      <line num="3064" type="stmt" count="1"/>
      <line num="3065" type="stmt" count="1"/>
      <line num="3066" type="stmt" count="1"/>
      <line num="3094" type="stmt" count="1"/>
      <line num="3095" type="stmt" count="1"/>
      <line num="3096" type="stmt" count="1"/>
      <line num="3097" type="stmt" count="1"/>
      <line num="3098" type="stmt" count="1"/>
      <line num="3099" type="stmt" count="1"/>
      <line num="3100" type="stmt" count="1"/>
      <line num="3101" type="stmt" count="1"/>
      <line num="3102" type="stmt" count="1"/>
      <line num="3103" type="stmt" count="1"/>
      <line num="3104" type="stmt" count="1"/>
      <line num="3105" type="stmt" count="1"/>
      <line num="3106" type="stmt" count="1"/>
      <line num="3107" type="stmt" count="1"/>
      <line num="3108" type="stmt" count="1"/>
      <line num="3109" type="stmt" count="1"/>
      <line num="3110" type="stmt" count="1"/>
      <line num="3111" type="stmt" count="1"/>
      <line num="3112" type="stmt" count="1"/>
      <line num="3113" type="stmt" count="1"/>
      <line num="3114" type="stmt" count="1"/>
      <line num="3142" type="stmt" count="1"/>
      <line num="3143" type="stmt" count="1"/>
      <line num="3144" type="stmt" count="1"/>
      <line num="3145" type="stmt" count="1"/>
      <line num="3146" type="stmt" count="1"/>
      <line num="3147" type="stmt" count="1"/>
      <line num="3148" type="stmt" count="1"/>
      <line num="3149" type="stmt" count="1"/>
      <line num="3150" type="stmt" count="1"/>
      <line num="3151" type="stmt" count="1"/>
      <line num="3152" type="stmt" count="1"/>
      <line num="3153" type="stmt" count="1"/>
      <line num="3154" type="stmt" count="1"/>
      <line num="3155" type="stmt" count="1"/>
      <line num="3156" type="stmt" count="1"/>
      <line num="3157" type="stmt" count="1"/>
      <line num="3158" type="stmt" count="1"/>
      <line num="3159" type="stmt" count="1"/>
      <line num="3160" type="stmt" count="1"/>
      <line num="3161" type="stmt" count="1"/>
      <line num="3162" type="stmt" count="1"/>
      <line num="3194" type="stmt" count="1"/>
      <line num="3195" type="stmt" count="1"/>
      <line num="3196" type="stmt" count="1"/>
      <line num="3197" type="stmt" count="1"/>
      <line num="3198" type="stmt" count="1"/>
      <line num="3199" type="stmt" count="1"/>
      <line num="3200" type="stmt" count="1"/>
      <line num="3201" type="stmt" count="1"/>
      <line num="3202" type="stmt" count="1"/>
      <line num="3203" type="stmt" count="1"/>
      <line num="3204" type="stmt" count="1"/>
      <line num="3205" type="stmt" count="1"/>
      <line num="3206" type="stmt" count="1"/>
      <line num="3207" type="stmt" count="1"/>
      <line num="3208" type="stmt" count="1"/>
      <line num="3209" type="stmt" count="1"/>
      <line num="3210" type="stmt" count="1"/>
      <line num="3211" type="stmt" count="1"/>
      <line num="3212" type="stmt" count="1"/>
      <line num="3213" type="stmt" count="1"/>
      <line num="3214" type="stmt" count="1"/>
      <line num="3215" type="stmt" count="1"/>
      <line num="3216" type="stmt" count="1"/>
      <line num="3217" type="stmt" count="1"/>
      <line num="3218" type="stmt" count="1"/>
      <line num="3219" type="stmt" count="1"/>
      <line num="3253" type="stmt" count="1"/>
      <line num="3254" type="stmt" count="1"/>
      <line num="3255" type="stmt" count="1"/>
      <line num="3256" type="stmt" count="1"/>
      <line num="3257" type="stmt" count="1"/>
      <line num="3258" type="stmt" count="1"/>
      <line num="3259" type="stmt" count="1"/>
      <line num="3260" type="stmt" count="1"/>
      <line num="3261" type="stmt" count="1"/>
      <line num="3262" type="stmt" count="1"/>
      <line num="3263" type="stmt" count="1"/>
      <line num="3264" type="stmt" count="1"/>
      <line num="3265" type="stmt" count="1"/>
      <line num="3266" type="stmt" count="1"/>
      <line num="3267" type="stmt" count="1"/>
      <line num="3268" type="stmt" count="1"/>
      <line num="3269" type="stmt" count="1"/>
      <line num="3270" type="stmt" count="1"/>
      <line num="3271" type="stmt" count="1"/>
      <line num="3272" type="stmt" count="1"/>
      <line num="3273" type="stmt" count="1"/>
      <line num="3274" type="stmt" count="1"/>
      <line num="3275" type="stmt" count="1"/>
      <line num="3276" type="stmt" count="1"/>
      <line num="3277" type="stmt" count="1"/>
      <line num="3278" type="stmt" count="1"/>
      <line num="3279" type="stmt" count="1"/>
      <line num="3307" type="stmt" count="1"/>
      <line num="3308" type="stmt" count="1"/>
      <line num="3309" type="stmt" count="1"/>
      <line num="3310" type="stmt" count="1"/>
      <line num="3311" type="stmt" count="1"/>
      <line num="3312" type="stmt" count="1"/>
      <line num="3313" type="stmt" count="1"/>
      <line num="3314" type="stmt" count="1"/>
      <line num="3315" type="stmt" count="1"/>
      <line num="3316" type="stmt" count="1"/>
      <line num="3317" type="stmt" count="1"/>
      <line num="3318" type="stmt" count="1"/>
      <line num="3319" type="stmt" count="1"/>
      <line num="3320" type="stmt" count="1"/>
      <line num="3321" type="stmt" count="1"/>
      <line num="3322" type="stmt" count="1"/>
      <line num="3323" type="stmt" count="1"/>
      <line num="3324" type="stmt" count="1"/>
      <line num="3325" type="stmt" count="1"/>
      <line num="3326" type="stmt" count="1"/>
      <line num="3327" type="stmt" count="1"/>
      <line num="3355" type="stmt" count="1"/>
      <line num="3356" type="stmt" count="1"/>
      <line num="3357" type="stmt" count="1"/>
      <line num="3358" type="stmt" count="1"/>
      <line num="3359" type="stmt" count="1"/>
      <line num="3360" type="stmt" count="1"/>
      <line num="3361" type="stmt" count="1"/>
      <line num="3362" type="stmt" count="1"/>
      <line num="3363" type="stmt" count="1"/>
      <line num="3364" type="stmt" count="1"/>
      <line num="3365" type="stmt" count="1"/>
      <line num="3366" type="stmt" count="1"/>
      <line num="3367" type="stmt" count="1"/>
      <line num="3368" type="stmt" count="1"/>
      <line num="3369" type="stmt" count="1"/>
      <line num="3370" type="stmt" count="1"/>
      <line num="3371" type="stmt" count="1"/>
      <line num="3372" type="stmt" count="1"/>
      <line num="3373" type="stmt" count="1"/>
      <line num="3374" type="stmt" count="1"/>
      <line num="3375" type="stmt" count="1"/>
      <line num="3409" type="stmt" count="1"/>
      <line num="3410" type="stmt" count="1"/>
      <line num="3411" type="stmt" count="1"/>
      <line num="3412" type="stmt" count="1"/>
      <line num="3413" type="stmt" count="1"/>
      <line num="3414" type="stmt" count="1"/>
      <line num="3415" type="stmt" count="1"/>
      <line num="3416" type="stmt" count="1"/>
      <line num="3417" type="stmt" count="1"/>
      <line num="3418" type="stmt" count="1"/>
      <line num="3419" type="stmt" count="1"/>
      <line num="3420" type="stmt" count="1"/>
      <line num="3421" type="stmt" count="1"/>
      <line num="3422" type="stmt" count="1"/>
      <line num="3423" type="stmt" count="1"/>
      <line num="3424" type="stmt" count="1"/>
      <line num="3425" type="stmt" count="1"/>
      <line num="3426" type="stmt" count="1"/>
      <line num="3427" type="stmt" count="1"/>
      <line num="3428" type="stmt" count="1"/>
      <line num="3429" type="stmt" count="1"/>
      <line num="3430" type="stmt" count="1"/>
      <line num="3431" type="stmt" count="1"/>
      <line num="3432" type="stmt" count="1"/>
      <line num="3433" type="stmt" count="1"/>
      <line num="3434" type="stmt" count="1"/>
      <line num="3435" type="stmt" count="1"/>
      <line num="3466" type="stmt" count="1"/>
      <line num="3467" type="stmt" count="1"/>
      <line num="3468" type="stmt" count="1"/>
      <line num="3469" type="stmt" count="1"/>
      <line num="3470" type="stmt" count="1"/>
      <line num="3471" type="stmt" count="1"/>
      <line num="3472" type="stmt" count="1"/>
      <line num="3473" type="stmt" count="1"/>
      <line num="3474" type="stmt" count="1"/>
      <line num="3475" type="stmt" count="1"/>
      <line num="3476" type="stmt" count="1"/>
      <line num="3477" type="stmt" count="1"/>
      <line num="3478" type="stmt" count="1"/>
      <line num="3479" type="stmt" count="1"/>
      <line num="3480" type="stmt" count="1"/>
      <line num="3481" type="stmt" count="1"/>
      <line num="3482" type="stmt" count="1"/>
      <line num="3483" type="stmt" count="1"/>
      <line num="3484" type="stmt" count="1"/>
      <line num="3485" type="stmt" count="1"/>
      <line num="3486" type="stmt" count="1"/>
      <line num="3487" type="stmt" count="1"/>
      <line num="3488" type="stmt" count="1"/>
      <line num="3489" type="stmt" count="1"/>
      <line num="3519" type="stmt" count="1"/>
      <line num="3520" type="stmt" count="1"/>
      <line num="3521" type="stmt" count="1"/>
      <line num="3522" type="stmt" count="1"/>
      <line num="3523" type="stmt" count="1"/>
      <line num="3524" type="stmt" count="1"/>
      <line num="3525" type="stmt" count="1"/>
      <line num="3526" type="stmt" count="1"/>
      <line num="3527" type="stmt" count="1"/>
      <line num="3528" type="stmt" count="1"/>
      <line num="3529" type="stmt" count="1"/>
      <line num="3530" type="stmt" count="1"/>
      <line num="3531" type="stmt" count="1"/>
      <line num="3532" type="stmt" count="1"/>
      <line num="3533" type="stmt" count="1"/>
      <line num="3534" type="stmt" count="1"/>
      <line num="3535" type="stmt" count="1"/>
      <line num="3536" type="stmt" count="1"/>
      <line num="3537" type="stmt" count="1"/>
      <line num="3538" type="stmt" count="1"/>
      <line num="3539" type="stmt" count="1"/>
      <line num="3540" type="stmt" count="1"/>
[...]
      <line num="4948" type="stmt" count="1"/>
      <line num="4949" type="stmt" count="1"/>
      <line num="4950" type="stmt" count="1"/>
      <line num="4951" type="stmt" count="1"/>
      <line num="4952" type="stmt" count="1"/>
      <line num="4953" type="stmt" count="1"/>
      <line num="4954" type="stmt" count="1"/>
      <line num="4955" type="stmt" count="1"/>
      <line num="4956" type="stmt" count="1"/>
      <line num="4957" type="stmt" count="1"/>
      <line num="4958" type="stmt" count="1"/>
      <line num="4989" type="stmt" count="1"/>
      <line num="4990" type="stmt" count="1"/>
      <line num="4991" type="stmt" count="1"/>
      <line num="4992" type="stmt" count="1"/>
      <line num="4993" type="stmt" count="1"/>
      <line num="4994" type="stmt" count="1"/>
      <line num="4995" type="stmt" count="1"/>
      <line num="4996" type="stmt" count="1"/>
      <line num="4997" type="stmt" count="1"/>
      <line num="4998" type="stmt" count="1"/>
      <line num="4999" type="stmt" count="1"/>
      <line num="5000" type="stmt" count="1"/>
      <line num="5001" type="stmt" count="1"/>
      <line num="5002" type="stmt" count="1"/>
      <line num="5003" type="stmt" count="1"/>
      <line num="5004" type="stmt" count="1"/>
      <line num="5005" type="stmt" count="1"/>
      <line num="5006" type="stmt" count="1"/>
      <line num="5007" type="stmt" count="1"/>
      <line num="5008" type="stmt" count="1"/>
      <line num="5009" type="stmt" count="1"/>
      <line num="5010" type="stmt" count="1"/>
      <line num="5011" type="stmt" count="1"/>
      <line num="5012" type="stmt" count="1"/>
      <line num="5044" type="stmt" count="1"/>
      <line num="5045" type="stmt" count="1"/>
      <line num="5046" type="stmt" count="1"/>
      <line num="5047" type="stmt" count="1"/>
      <line num="5048" type="stmt" count="1"/>
      <line num="5049" type="stmt" count="1"/>
      <line num="5050" type="stmt" count="1"/>
      <line num="5051" type="stmt" count="1"/>
      <line num="5052" type="stmt" count="1"/>
      <line num="5053" type="stmt" count="1"/>
      <line num="5054" type="stmt" count="1"/>
      <line num="5055" type="stmt" count="1"/>
      <line num="5056" type="stmt" count="1"/>
      <line num="5057" type="stmt" count="1"/>
      <line num="5058" type="stmt" count="1"/>
      <line num="5059" type="stmt" count="1"/>
      <line num="5060" type="stmt" count="1"/>
      <line num="5061" type="stmt" count="1"/>
      <line num="5062" type="stmt" count="1"/>
      <line num="5063" type="stmt" count="1"/>
      <line num="5064" type="stmt" count="1"/>
      <line num="5065" type="stmt" count="1"/>
      <line num="5066" type="stmt" count="1"/>
      <line num="5067" type="stmt" count="1"/>
      <line num="5068" type="stmt" count="1"/>
      <line num="5109" type="stmt" count="1"/>
      <line num="5110" type="stmt" count="1"/>
      <line num="5111" type="stmt" count="1"/>
      <line num="5112" type="stmt" count="1"/>
      <line num="5113" type="stmt" count="1"/>
      <line num="5114" type="stmt" count="1"/>
      <line num="5115" type="stmt" count="1"/>
      <line num="5116" type="stmt" count="1"/>
      <line num="5117" type="stmt" count="1"/>
      <line num="5118" type="stmt" count="1"/>
      <line num="5119" type="stmt" count="1"/>
      <line num="5120" type="stmt" count="1"/>
      <line num="5121" type="stmt" count="1"/>
      <line num="5122" type="stmt" count="1"/>
      <line num="5123" type="stmt" count="1"/>
      <line num="5124" type="stmt" count="1"/>
      <line num="5125" type="stmt" count="1"/>
      <line num="5126" type="stmt" count="1"/>
      <line num="5127" type="stmt" count="1"/>
      <line num="5128" type="stmt" count="1"/>
      <line num="5129" type="stmt" count="1"/>
      <line num="5130" type="stmt" count="1"/>
      <line num="5131" type="stmt" count="1"/>
      <line num="5132" type="stmt" count="1"/>
      <line num="5133" type="stmt" count="1"/>
      <line num="5134" type="stmt" count="1"/>
      <line num="5135" type="stmt" count="1"/>
      <line num="5136" type="stmt" count="1"/>
      <line num="5137" type="stmt" count="1"/>
      <line num="5138" type="stmt" count="1"/>
      <line num="5139" type="stmt" count="1"/>
      <line num="5140" type="stmt" count="1"/>
      <line num="5141" type="stmt" count="1"/>
      <line num="5142" type="stmt" count="1"/>
      <line num="5170" type="stmt" count="1"/>
      <line num="5171" type="stmt" count="1"/>
      <line num="5172" type="stmt" count="1"/>
      <line num="5173" type="stmt" count="1"/>
      <line num="5174" type="stmt" count="1"/>
      <line num="5175" type="stmt" count="1"/>
      <line num="5176" type="stmt" count="1"/>
      <line num="5177" type="stmt" count="1"/>
      <line num="5178" type="stmt" count="1"/>
      <line num="5179" type="stmt" count="1"/>
      <line num="5180" type="stmt" count="1"/>
      <line num="5181" type="stmt" count="1"/>
      <line num="5182" type="stmt" count="1"/>
      <line num="5183" type="stmt" count="1"/>
      <line num="5184" type="stmt" count="1"/>
      <line num="5185" type="stmt" count="1"/>
      <line num="5186" type="stmt" count="1"/>
      <line num="5187" type="stmt" count="1"/>
      <line num="5188" type="stmt" count="1"/>
      <line num="5189" type="stmt" count="1"/>
      <line num="5190" type="stmt" count="1"/>
      <line num="5223" type="stmt" count="1"/>
      <line num="5224" type="stmt" count="1"/>
      <line num="5225" type="stmt" count="1"/>
      <line num="5226" type="stmt" count="1"/>
      <line num="5227" type="stmt" count="1"/>
      <line num="5228" type="stmt" count="1"/>
      <line num="5229" type="stmt" count="1"/>
      <line num="5230" type="stmt" count="1"/>
      <line num="5231" type="stmt" count="1"/>
      <line num="5232" type="stmt" count="1"/>
      <line num="5233" type="stmt" count="1"/>
      <line num="5234" type="stmt" count="1"/>
      <line num="5235" type="stmt" count="1"/>
      <line num="5236" type="stmt" count="1"/>
      <line num="5237" type="stmt" count="1"/>
      <line num="5238" type="stmt" count="1"/>
      <line num="5239" type="stmt" count="1"/>
      <line num="5240" type="stmt" count="1"/>
      <line num="5241" type="stmt" count="1"/>
      <line num="5242" type="stmt" count="1"/>
      <line num="5243" type="stmt" count="1"/>
      <line num="5244" type="stmt" count="1"/>
      <line num="5245" type="stmt" count="1"/>
      <line num="5246" type="stmt" count="1"/>
      <line num="5247" type="stmt" count="1"/>
      <line num="5248" type="stmt" count="1"/>
      <line num="5276" type="stmt" count="1"/>
      <line num="5277" type="stmt" count="1"/>
      <line num="5278" type="stmt" count="1"/>
      <line num="5279" type="stmt" count="1"/>
      <line num="5280" type="stmt" count="1"/>
      <line num="5281" type="stmt" count="1"/>
      <line num="5282" type="stmt" count="1"/>
      <line num="5283" type="stmt" count="1"/>
      <line num="5284" type="stmt" count="1"/>
      <line num="5285" type="stmt" count="1"/>
      <line num="5286" type="stmt" count="1"/>
      <line num="5287" type="stmt" count="1"/>
      <line num="5288" type="stmt" count="1"/>
      <line num="5289" type="stmt" count="1"/>
      <line num="5290" type="stmt" count="1"/>
      <line num="5291" type="stmt" count="1"/>
      <line num="5292" type="stmt" count="1"/>
      <line num="5293" type="stmt" count="1"/>
      <line num="5294" type="stmt" count="1"/>
      <line num="5295" type="stmt" count="1"/>
      <line num="5296" type="stmt" count="1"/>
      <line num="5325" type="stmt" count="1"/>
      <line num="5326" type="stmt" count="1"/>
      <line num="5327" type="stmt" count="1"/>
      <line num="5328" type="stmt" count="1"/>
      <line num="5329" type="stmt" count="1"/>
      <line num="5330" type="stmt" count="1"/>
      <line num="5331" type="stmt" count="1"/>
      <line num="5332" type="stmt" count="1"/>
      <line num="5333" type="stmt" count="1"/>
      <line num="5334" type="stmt" count="1"/>
      <line num="5335" type="stmt" count="1"/>
      <line num="5336" type="stmt" count="1"/>
      <line num="5337" type="stmt" count="1"/>
      <line num="5338" type="stmt" count="1"/>
      <line num="5339" type="stmt" count="1"/>
      <line num="5340" type="stmt" count="1"/>
      <line num="5341" type="stmt" count="1"/>
      <line num="5342" type="stmt" count="1"/>
      <line num="5343" type="stmt" count="1"/>
      <line num="5344" type="stmt" count="1"/>
      <line num="5345" type="stmt" count="1"/>
      <line num="5346" type="stmt" count="1"/>
      <line num="5374" type="stmt" count="1"/>
      <line num="5375" type="stmt" count="1"/>
      <line num="5376" type="stmt" count="1"/>
      <line num="5377" type="stmt" count="1"/>
      <line num="5378" type="stmt" count="1"/>
      <line num="5379" type="stmt" count="1"/>
      <line num="5380" type="stmt" count="1"/>
      <line num="5381" type="stmt" count="1"/>
      <line num="5382" type="stmt" count="1"/>
      <line num="5383" type="stmt" count="1"/>
      <line num="5384" type="stmt" count="1"/>
      <line num="5385" type="stmt" count="1"/>
      <line num="5386" type="stmt" count="1"/>
      <line num="5387" type="stmt" count="1"/>
      <line num="5388" type="stmt" count="1"/>
      <line num="5389" type="stmt" count="1"/>
      <line num="5390" type="stmt" count="1"/>
      <line num="5391" type="stmt" count="1"/>
      <line num="5392" type="stmt" count="1"/>
      <line num="5393" type="stmt" count="1"/>
      <line num="5394" type="stmt" count="1"/>
      <line num="5422" type="stmt" count="1"/>
      <line num="5423" type="stmt" count="1"/>
      <line num="5424" type="stmt" count="1"/>
      <line num="5425" type="stmt" count="1"/>
      <line num="5426" type="stmt" count="1"/>
      <line num="5427" type="stmt" count="1"/>
      <line num="5428" type="stmt" count="1"/>
      <line num="5429" type="stmt" count="1"/>
      <line num="5430" type="stmt" count="1"/>
      <line num="5431" type="stmt" count="1"/>
      <line num="5432" type="stmt" count="1"/>
      <line num="5433" type="stmt" count="1"/>
      <line num="5434" type="stmt" count="1"/>
      <line num="5435" type="stmt" count="1"/>
      <line num="5436" type="stmt" count="1"/>
      <line num="5437" type="stmt" count="1"/>
      <line num="5438" type="stmt" count="1"/>
      <line num="5439" type="stmt" count="1"/>
      <line num="5440" type="stmt" count="1"/>
      <line num="5441" type="stmt" count="1"/>
      <line num="5442" type="stmt" count="1"/>
      <line num="5474" type="stmt" count="1"/>
      <line num="5475" type="stmt" count="1"/>
      <line num="5476" type="stmt" count="1"/>
      <line num="5477" type="stmt" count="1"/>
      <line num="5478" type="stmt" count="1"/>
      <line num="5479" type="stmt" count="1"/>
      <line num="5480" type="stmt" count="1"/>
      <line num="5481" type="stmt" count="1"/>
      <line num="5482" type="stmt" count="1"/>
      <line num="5483" type="stmt" count="1"/>
      <line num="5484" type="stmt" count="1"/>
      <line num="5485" type="stmt" count="1"/>
      <line num="5486" type="stmt" count="1"/>
      <line num="5487" type="stmt" count="1"/>
      <line num="5488" type="stmt" count="1"/>
      <line num="5489" type="stmt" count="1"/>
      <line num="5490" type="stmt" count="1"/>
      <line num="5491" type="stmt" count="1"/>
      <line num="5492" type="stmt" count="1"/>
      <line num="5493" type="stmt" count="1"/>
      <line num="5494" type="stmt" count="1"/>
      <line num="5495" type="stmt" count="1"/>
      <line num="5496" type="stmt" count="1"/>
      <line num="5497" type="stmt" count="1"/>
      <line num="5498" type="stmt" count="1"/>
      <line num="5499" type="stmt" count="1"/>
      <line num="5527" type="stmt" count="1"/>
      <line num="5528" type="stmt" count="1"/>
      <line num="5529" type="stmt" count="1"/>
      <line num="5530" type="stmt" count="1"/>
      <line num="5531" type="stmt" count="1"/>
      <line num="5532" type="stmt" count="1"/>
      <line num="5533" type="stmt" count="1"/>
      <line num="5534" type="stmt" count="1"/>
      <line num="5535" type="stmt" count="1"/>
      <line num="5536" type="stmt" count="1"/>
      <line num="5537" type="stmt" count="1"/>
      <line num="5538" type="stmt" count="1"/>
      <line num="5539" type="stmt" count="1"/>
      <line num="5540" type="stmt" count="1"/>
      <line num="5541" type="stmt" count="1"/>
      <line num="5542" type="stmt" count="1"/>
      <line num="5543" type="stmt" count="1"/>
      <line num="5544" type="stmt" count="1"/>
      <line num="5545" type="stmt" count="1"/>
      <line num="5546" type="stmt" count="1"/>
      <line num="5547" type="stmt" count="1"/>
      <line num="5575" type="stmt" count="1"/>
      <line num="5576" type="stmt" count="1"/>
      <line num="5577" type="stmt" count="1"/>
      <line num="5578" type="stmt" count="1"/>
      <line num="5579" type="stmt" count="1"/>
      <line num="5580" type="stmt" count="1"/>
      <line num="5581" type="stmt" count="1"/>
      <line num="5582" type="stmt" count="1"/>
      <line num="5583" type="stmt" count="1"/>
      <line num="5584" type="stmt" count="1"/>
      <line num="5585" type="stmt" count="1"/>
      <line num="5586" type="stmt" count="1"/>
      <line num="5587" type="stmt" count="1"/>
      <line num="5588" type="stmt" count="1"/>
      <line num="5589" type="stmt" count="1"/>
      <line num="5590" type="stmt" count="1"/>
      <line num="5591" type="stmt" count="1"/>
      <line num="5592" type="stmt" count="1"/>
      <line num="5593" type="stmt" count="1"/>
      <line num="5594" type="stmt" count="1"/>
      <line num="5595" type="stmt" count="1"/>
      <line num="5623" type="stmt" count="1"/>
      <line num="5624" type="stmt" count="1"/>
      <line num="5625" type="stmt" count="1"/>
      <line num="5626" type="stmt" count="1"/>
      <line num="5627" type="stmt" count="1"/>
      <line num="5628" type="stmt" count="1"/>
      <line num="5629" type="stmt" count="1"/>
      <line num="5630" type="stmt" count="1"/>
      <line num="5631" type="stmt" count="1"/>
      <line num="5632" type="stmt" count="1"/>
      <line num="5633" type="stmt" count="1"/>
      <line num="5634" type="stmt" count="1"/>
      <line num="5635" type="stmt" count="1"/>
      <line num="5636" type="stmt" count="1"/>
      <line num="5637" type="stmt" count="1"/>
      <line num="5638" type="stmt" count="1"/>
      <line num="5639" type="stmt" count="1"/>
      <line num="5640" type="stmt" count="1"/>
      <line num="5641" type="stmt" count="1"/>
      <line num="5642" type="stmt" count="1"/>
      <line num="5643" type="stmt" count="1"/>
      <line num="5682" type="stmt" count="1"/>
      <line num="5683" type="stmt" count="1"/>
      <line num="5684" type="stmt" count="1"/>
      <line num="5685" type="stmt" count="1"/>
      <line num="5686" type="stmt" count="1"/>
      <line num="5687" type="stmt" count="1"/>
      <line num="5688" type="stmt" count="1"/>
      <line num="5689" type="stmt" count="1"/>
      <line num="5690" type="stmt" count="1"/>
      <line num="5691" type="stmt" count="1"/>
      <line num="5692" type="stmt" count="1"/>
      <line num="5693" type="stmt" count="1"/>
      <line num="5694" type="stmt" count="1"/>
      <line num="5695" type="stmt" count="1"/>
      <line num="5696" type="stmt" count="1"/>
      <line num="5697" type="stmt" count="1"/>
      <line num="5698" type="stmt" count="1"/>
      <line num="5699" type="stmt" count="1"/>
      <line num="5700" type="stmt" count="1"/>
      <line num="5701" type="stmt" count="1"/>
      <line num="5702" type="stmt" count="1"/>
      <line num="5703" type="stmt" count="1"/>
      <line num="5704" type="stmt" count="1"/>
      <line num="5705" type="stmt" count="1"/>
      <line num="5706" type="stmt" count="1"/>
      <line num="5707" type="stmt" count="1"/>
      <line num="5708" type="stmt" count="1"/>
      <line num="5709" type="stmt" count="1"/>
      <line num="5710" type="stmt" count="1"/>
      <line num="5711" type="stmt" count="1"/>
      <line num="5712" type="stmt" count="1"/>
      <line num="5713" type="stmt" count="1"/>
      <line num="5740" type="stmt" count="1"/>
      <line num="5741" type="stmt" count="1"/>
      <line num="5742" type="stmt" count="1"/>
      <line num="5743" type="stmt" count="1"/>
      <line num="5744" type="stmt" count="1"/>
      <line num="5745" type="stmt" count="1"/>
      <line num="5746" type="stmt" count="1"/>
      <line num="5747" type="stmt" count="1"/>
      <line num="5748" type="stmt" count="1"/>
      <line num="5749" type="stmt" count="1"/>
      <line num="5750" type="stmt" count="1"/>
      <line num="5751" type="stmt" count="1"/>
      <line num="5752" type="stmt" count="1"/>
      <line num="5753" type="stmt" count="1"/>
      <line num="5754" type="stmt" count="1"/>
      <line num="5755" type="stmt" count="1"/>
      <line num="5756" type="stmt" count="1"/>
      <line num="5757" type="stmt" count="1"/>
      <line num="5758" type="stmt" count="1"/>
      <line num="5759" type="stmt" count="1"/>
      <line num="5760" type="stmt" count="1"/>
      <metrics loc="5764" ncloc="5746" classes="0" methods="0" coveredmethods="0" conditionals="0" coveredconditionals="0" statements="2550" coveredstatements="2550" elements="2550" coveredelements="2550"/>
    </file>
    <file name="/Users/op/Playground/html/src/RenderResult.php">
      <class name="html\RenderResult" namespace="global">
        <metrics complexity="10" methods="7" coveredmethods="7" conditionals="0" coveredconditionals="0" statements="14" coveredstatements="14" elements="21" coveredelements="21"/>
      </class>
      <line num="27" type="method" name="__construct" visibility="public" complexity="1" crap="1" count="445"/>
      <line num="30" type="stmt" count="445"/>
      <line num="33" type="method" name="wrap" visibility="public" complexity="1" crap="1" count="2"/>
      <line num="35" type="stmt" count="2"/>
      <line num="37" type="method" name="encoded" visibility="public" complexity="1" crap="1" count="440"/>
      <line num="39" type="stmt" count="440"/>
      <line num="40" type="stmt" count="440"/>
      <line num="41" type="stmt" count="440"/>
      <line num="44" type="method" name="append" visibility="public" complexity="1" crap="1" count="1"/>
      <line num="46" type="stmt" count="1"/>
      <line num="53" type="method" name="getIterator" visibility="public" complexity="1" crap="1" count="445"/>
      <line num="55" type="stmt" count="445"/>
      <line num="61" type="method" name="collect" visibility="public" complexity="4" crap="4" count="444"/>
      <line num="63" type="stmt" count="444"/>
      <line num="64" type="stmt" count="444"/>
      <line num="65" type="stmt" count="444"/>
      <line num="66" type="stmt" count="444"/>
      <line num="68" type="stmt" count="3"/>
      <line num="71" type="stmt" count="444"/>
      <line num="74" type="method" name="__toString" visibility="public" complexity="1" crap="1" count="1"/>
      <line num="76" type="stmt" count="1"/>
      <metrics loc="79" ncloc="54" classes="1" methods="7" coveredmethods="7" conditionals="0" coveredconditionals="0" statements="14" coveredstatements="14" elements="21" coveredelements="21"/>
    </file>
    <file name="/Users/op/Playground/html/src/RenderResultInterface.php">
      <metrics loc="25" ncloc="7" classes="0" methods="0" coveredmethods="0" conditionals="0" coveredconditionals="0" statements="0" coveredstatements="0" elements="0" coveredelements="0"/>
    </file>
    <metrics files="5" loc="6725" ncloc="6604" classes="1" methods="7" coveredmethods="7" conditionals="0" coveredconditionals="0" statements="2696" coveredstatements="2696" elements="2703" coveredelements="2703"/>
  </project>
</coverage>
